DEBUG   09/11 00:58:02   ['git', 'rev-parse', '--short', 'HEAD'] None returned OSError(2, 'No such file or directory')
DEBUG   09/11 00:58:02   starting antiSMASH 4.2.0, called with /usr/local/bin/run_antismash.py --cpus 8 --taxon bacteria --outputfolder /data/antismash/upload/bacteria-0d831a99-8910-49d3-a1da-d0cad3cd7818 --logfile /data/antismash/upload/bacteria-0d831a99-8910-49d3-a1da-d0cad3cd7818/bacteria-0d831a99-8910-49d3-a1da-d0cad3cd7818.log --input-type nucl --debug --smcogs --asf --knownclusterblast --subclusterblast --genefinding prodigal /input/NC_017534.1.gbk
DEBUG   09/11 00:58:02   antismash analysis started at 2018-11-09 00:58:02.517464
DEBUG   09/11 00:58:02   OPTIONS: Namespace(all_orfs=False, borderpredict=False, borderpredict_only=False, cassis=False, cdsnr=5, cf_npfams=5, cf_prob_thres=0.6, check_prereqs_only=False, clusterblast=False, cpus=8, dbgclusterblast='', dbgsandpuma='', debug=True, enabled_cluster_types=['t1pks', 'transatpks', 't2pks', 't3pks', 'otherks', 'ppysks', 'arylpolyene', 'resorcinol', 'ladderane', 'PUFA', 'nrps', 'terpene', 'lantipeptide', 'bacteriocin', 'thiopeptide', 'linaridin', 'cyanobactin', 'glycocin', 'LAP', 'lassopeptide', 'sactipeptide', 'bottromycin', 'head_to_tail', 'microcin', 'microviridin', 'proteusin', 'blactam', 'amglyccycl', 'aminocoumarin', 'siderophore', 'ectoine', 'butyrolactone', 'indole', 'nucleoside', 'phosphoglycolipid', 'melanin', 'oligosaccharide', 'furan', 'hserlactone', 'phenazine', 'phosphonate', 'fused', 'pbde', 'other', 'acyl_amino_acids'], enabled_specific_plugins=None, end=-1, fix_id_line=False, full_hmmer=False, genefinding='prodigal', gff3=False, help=False, help_showall=False, homologyscalelimit=0.0, inclusive=False, input_type='nucl', knownclusterblast=True, limit=-1, list_plugins=False, logfile='/data/antismash/upload/bacteria-0d831a99-8910-49d3-a1da-d0cad3cd7818/bacteria-0d831a99-8910-49d3-a1da-d0cad3cd7818.log', minimal=False, minlength=1000, nclusters=10, outputfoldername='/data/antismash/upload/bacteria-0d831a99-8910-49d3-a1da-d0cad3cd7818', profile=False, run_asf=True, seed=0, sequences=['/input/NC_017534.1.gbk'], skip_cleanup=False, smcogs=True, start=-1, subclusterblast=True, taxon='bacteria', transatpks_da=False, transatpks_da_cutoff=10, tta=False, verbose=False, version=False, without_fimo=False)
DEBUG   09/11 00:58:02   MINLENGTH: 1000
DEBUG   09/11 00:58:02   Number of clusters = 10
INFO    09/11 00:58:02   Loading detection plugins
DEBUG   09/11 00:58:02   BiosynML
DEBUG   09/11 00:58:02   Not activating disabled plugin 'BiosynML'
DEBUG   09/11 00:58:02   embl
DEBUG   09/11 00:58:02   genbank
DEBUG   09/11 00:58:02   svg
DEBUG   09/11 00:58:02   xls
DEBUG   09/11 00:58:02   html
DEBUG   09/11 00:58:02   txt
DEBUG   09/11 00:58:02   Found executable '/usr/lib/tigr-glimmer/long-orfs'
DEBUG   09/11 00:58:02   Found executable '/usr/lib/tigr-glimmer/extract'
DEBUG   09/11 00:58:02   Found executable '/usr/lib/tigr-glimmer/build-icm'
DEBUG   09/11 00:58:02   Found executable '/usr/lib/tigr-glimmer/glimmer3'
DEBUG   09/11 00:58:02   Found executable '/usr/bin/glimmerhmm'
DEBUG   09/11 00:58:02   Found executable '/usr/bin/prodigal'
DEBUG   09/11 00:58:02   Found executable '/usr/bin/hmmsearch'
DEBUG   09/11 00:58:02   Found executable '/usr/bin/hmmpress'
DEBUG   09/11 00:58:02   Found file '/antismash-4.2.0/antismash/generic_modules/hmm_detection/bgc_seeds.hmm'
DEBUG   09/11 00:58:02   Found file '/antismash-4.2.0/antismash/generic_modules/hmm_detection/bgc_seeds.hmm.h3f'
DEBUG   09/11 00:58:02   Found file '/antismash-4.2.0/antismash/generic_modules/hmm_detection/bgc_seeds.hmm.h3i'
DEBUG   09/11 00:58:02   Found file '/antismash-4.2.0/antismash/generic_modules/hmm_detection/bgc_seeds.hmm.h3m'
DEBUG   09/11 00:58:02   Found file '/antismash-4.2.0/antismash/generic_modules/hmm_detection/bgc_seeds.hmm.h3p'
DEBUG   09/11 00:58:02   Found executable '/usr/bin/blastp'
DEBUG   09/11 00:58:02   Found executable '/usr/bin/hmmpfam2'
DEBUG   09/11 00:58:02   Found executable '/usr/bin/hmmscan'
DEBUG   09/11 00:58:02   Found executable '/usr/bin/hmmpress'
DEBUG   09/11 00:58:02   Found file '/antismash-4.2.0/antismash/generic_modules/active_site_finder/hmm/PKSI-KR.hmm2'
DEBUG   09/11 00:58:02   Found file '/antismash-4.2.0/antismash/generic_modules/active_site_finder/hmm/PKSI-KS_N.hmm2'
DEBUG   09/11 00:58:02   Found file '/antismash-4.2.0/antismash/generic_modules/active_site_finder/hmm/PKSI-KS_C.hmm2'
DEBUG   09/11 00:58:02   Found file '/antismash-4.2.0/antismash/generic_modules/active_site_finder/hmm/PKSI-AT.hmm2'
DEBUG   09/11 00:58:02   Found file '/antismash-4.2.0/antismash/generic_modules/active_site_finder/hmm/PKSI-ACP.hmm2'
DEBUG   09/11 00:58:02   Found file '/antismash-4.2.0/antismash/generic_modules/active_site_finder/hmm/PKSI-ACP.hmm2'
DEBUG   09/11 00:58:02   Found file '/antismash-4.2.0/antismash/generic_modules/active_site_finder/hmm/PKSI-DH.hmm2'
DEBUG   09/11 00:58:02   Found file '/antismash-4.2.0/antismash/generic_modules/active_site_finder/hmm/PKSI-KR.hmm2'
DEBUG   09/11 00:58:02   Found file '/antismash-4.2.0/antismash/generic_modules/active_site_finder/hmm/Thioesterase.hmm2'
DEBUG   09/11 00:58:02   Found file '/antismash-4.2.0/antismash/generic_modules/active_site_finder/hmm/PKSI-ER.hmm2'
DEBUG   09/11 00:58:02   Found file '/antismash-4.2.0/antismash/generic_modules/active_site_finder/hmm/PKSI-AT.hmm2'
DEBUG   09/11 00:58:02   Found file '/antismash-4.2.0/antismash/generic_modules/active_site_finder/hmm/aa-activating.aroundLys.hmm2'
DEBUG   09/11 00:58:02   Found file '/antismash-4.2.0/antismash/generic_modules/active_site_finder/hmm/p450.hmm3'
DEBUG   09/11 00:58:02   Found file '/antismash-4.2.0/antismash/generic_modules/active_site_finder/hmm/p450.hmm3.h3f'
DEBUG   09/11 00:58:02   Found file '/antismash-4.2.0/antismash/generic_modules/active_site_finder/hmm/p450.hmm3.h3i'
DEBUG   09/11 00:58:02   Found file '/antismash-4.2.0/antismash/generic_modules/active_site_finder/hmm/p450.hmm3.h3m'
DEBUG   09/11 00:58:02   Found file '/antismash-4.2.0/antismash/generic_modules/active_site_finder/hmm/p450.hmm3.h3p'
DEBUG   09/11 00:58:02   Found executable '/usr/bin/muscle'
DEBUG   09/11 00:58:02   Found executable '/usr/bin/hmmscan'
DEBUG   09/11 00:58:02   Found executable '/usr/bin/hmmpress'
DEBUG   09/11 00:58:02   Found executable '/usr/bin/fasttree'
DEBUG   09/11 00:58:02   Found executable '/usr/bin/java'
DEBUG   09/11 00:58:02   Found file '/antismash-4.2.0/antismash/generic_modules/smcogs/smcogs.hmm'
DEBUG   09/11 00:58:02   Found file '/antismash-4.2.0/antismash/generic_modules/smcogs/smcogs.hmm.h3f'
DEBUG   09/11 00:58:02   Found file '/antismash-4.2.0/antismash/generic_modules/smcogs/smcogs.hmm.h3i'
DEBUG   09/11 00:58:02   Found file '/antismash-4.2.0/antismash/generic_modules/smcogs/smcogs.hmm.h3m'
DEBUG   09/11 00:58:02   Found file '/antismash-4.2.0/antismash/generic_modules/smcogs/smcogs.hmm.h3p'
DEBUG   09/11 00:58:02   Found executable '/usr/bin/blastp'
DEBUG   09/11 00:58:02   Found executable '/usr/bin/makeblastdb'
DEBUG   09/11 00:58:02   Found file '/antismash-4.2.0/antismash/generic_modules/subclusterblast/subclusterprots.fasta'
DEBUG   09/11 00:58:02   Found file '/antismash-4.2.0/antismash/generic_modules/subclusterblast/subclusterprots.fasta.phr'
DEBUG   09/11 00:58:02   Found file '/antismash-4.2.0/antismash/generic_modules/subclusterblast/subclusterprots.fasta.pin'
DEBUG   09/11 00:58:02   Found file '/antismash-4.2.0/antismash/generic_modules/subclusterblast/subclusterprots.fasta.psq'
DEBUG   09/11 00:58:02   Found file '/antismash-4.2.0/antismash/generic_modules/subclusterblast/subclusters.txt'
DEBUG   09/11 00:58:02   Found executable '/usr/bin/blastp'
DEBUG   09/11 00:58:02   Found executable '/usr/bin/makeblastdb'
DEBUG   09/11 00:58:02   Found executable '/usr/bin/diamond'
DEBUG   09/11 00:58:02   Found file '/antismash-4.2.0/antismash/generic_modules/knownclusterblast/knownclusterprots.fasta'
DEBUG   09/11 00:58:02   Found file '/antismash-4.2.0/antismash/generic_modules/knownclusterblast/knownclusterprots.dmnd'
DEBUG   09/11 00:58:02   Found file '/antismash-4.2.0/antismash/generic_modules/knownclusterblast/knownclusters.txt'
DEBUG   09/11 00:58:02   Found executable '/usr/bin/hmmpfam2'
DEBUG   09/11 00:58:02   Found executable '/usr/bin/fimo'
DEBUG   09/11 00:58:02   Found executable '/usr/bin/hmmpfam2'
DEBUG   09/11 00:58:02   Found executable '/usr/bin/fimo'
DEBUG   09/11 00:58:02   Found executable '/usr/bin/hmmsearch'
DEBUG   09/11 00:58:02   Found executable '/usr/bin/hmmpress'
DEBUG   09/11 00:58:02   Found executable '/usr/bin/muscle'
DEBUG   09/11 00:58:02   Found executable '/usr/bin/java'
DEBUG   09/11 00:58:02   Found file '/antismash-4.2.0/antismash/specific_modules/nrpspks/abmotifs.hmm'
DEBUG   09/11 00:58:02   Found file '/antismash-4.2.0/antismash/specific_modules/nrpspks/abmotifs.hmm.h3f'
DEBUG   09/11 00:58:02   Found file '/antismash-4.2.0/antismash/specific_modules/nrpspks/abmotifs.hmm.h3i'
DEBUG   09/11 00:58:02   Found file '/antismash-4.2.0/antismash/specific_modules/nrpspks/abmotifs.hmm.h3m'
DEBUG   09/11 00:58:02   Found file '/antismash-4.2.0/antismash/specific_modules/nrpspks/abmotifs.hmm.h3p'
DEBUG   09/11 00:58:02   Found file '/antismash-4.2.0/antismash/specific_modules/nrpspks/dockingdomains.hmm'
DEBUG   09/11 00:58:02   Found file '/antismash-4.2.0/antismash/specific_modules/nrpspks/dockingdomains.hmm.h3f'
DEBUG   09/11 00:58:02   Found file '/antismash-4.2.0/antismash/specific_modules/nrpspks/dockingdomains.hmm.h3i'
DEBUG   09/11 00:58:02   Found file '/antismash-4.2.0/antismash/specific_modules/nrpspks/dockingdomains.hmm.h3m'
DEBUG   09/11 00:58:02   Found file '/antismash-4.2.0/antismash/specific_modules/nrpspks/dockingdomains.hmm.h3p'
DEBUG   09/11 00:58:02   Found file '/antismash-4.2.0/antismash/specific_modules/nrpspks/ksdomains.hmm'
DEBUG   09/11 00:58:02   Found file '/antismash-4.2.0/antismash/specific_modules/nrpspks/ksdomains.hmm.h3f'
DEBUG   09/11 00:58:02   Found file '/antismash-4.2.0/antismash/specific_modules/nrpspks/ksdomains.hmm.h3i'
DEBUG   09/11 00:58:02   Found file '/antismash-4.2.0/antismash/specific_modules/nrpspks/ksdomains.hmm.h3m'
DEBUG   09/11 00:58:02   Found file '/antismash-4.2.0/antismash/specific_modules/nrpspks/ksdomains.hmm.h3p'
DEBUG   09/11 00:58:02   Found file '/antismash-4.2.0/antismash/specific_modules/nrpspks/nrpspksdomains.hmm'
DEBUG   09/11 00:58:02   Found file '/antismash-4.2.0/antismash/specific_modules/nrpspks/nrpspksdomains.hmm.h3f'
DEBUG   09/11 00:58:02   Found file '/antismash-4.2.0/antismash/specific_modules/nrpspks/nrpspksdomains.hmm.h3i'
DEBUG   09/11 00:58:02   Found file '/antismash-4.2.0/antismash/specific_modules/nrpspks/nrpspksdomains.hmm.h3m'
DEBUG   09/11 00:58:02   Found file '/antismash-4.2.0/antismash/specific_modules/nrpspks/nrpspksdomains.hmm.h3p'
DEBUG   09/11 00:58:02   Found file '/antismash-4.2.0/antismash/specific_modules/nrpspks/sandpuma/flat/fullset0_smiles/fullset0_smiles_nrpsA.hmmdb'
DEBUG   09/11 00:58:02   Found file '/antismash-4.2.0/antismash/specific_modules/nrpspks/sandpuma/flat/fullset0_smiles/fullset0_smiles_nrpsA.hmmdb.h3f'
DEBUG   09/11 00:58:02   Found file '/antismash-4.2.0/antismash/specific_modules/nrpspks/sandpuma/flat/fullset0_smiles/fullset0_smiles_nrpsA.hmmdb.h3i'
DEBUG   09/11 00:58:02   Found file '/antismash-4.2.0/antismash/specific_modules/nrpspks/sandpuma/flat/fullset0_smiles/fullset0_smiles_nrpsA.hmmdb.h3m'
DEBUG   09/11 00:58:02   Found file '/antismash-4.2.0/antismash/specific_modules/nrpspks/sandpuma/flat/fullset0_smiles/fullset0_smiles_nrpsA.hmmdb.h3p'
DEBUG   09/11 00:58:02   Found executable '/usr/bin/hmmpfam2'
DEBUG   09/11 00:58:02   Found executable '/usr/bin/hmmpfam2'
INFO    09/11 00:58:02   Parsing the input sequence(s)
INFO    09/11 00:58:03   Analyzing record 1 (NC_017534.1)
INFO    09/11 00:58:03   Detecting secondary metabolite signature genes for contig #1
DEBUG   09/11 00:58:10   type: cluster
location: [866212:876494]
qualifiers:
    Key: contig_edge, Value: False
    Key: cutoff, Value: [20000]
    Key: extension, Value: [5000]
    Key: note, Value: ['Cluster number: 1', 'Detection rule(s) for this cluster type: bacteriocin: (strepbact or Antimicrobial14 or Bacteriocin_IId or BacteriocIIc_cy or Bacteriocin_II or Bacteriocin_IIi or Lactococcin or Antimicrobial17 or Lactococcin_972 or Bacteriocin_IIc or LcnG-beta or Cloacin or Linocin_M18 or TIGR03603 or TIGR03604 or TIGR03605 or TIGR03651 or TIGR03678 or TIGR03693 or TIGR03798 or TIGR03882 or TIGR03601 or TIGR03602 or TIGR03795 or TIGR03793 or TIGR03975 or DUF692 or TIGR01193);']
    Key: product, Value: ['bacteriocin']

DEBUG   09/11 00:58:10   type: cluster
location: [1352140:1397199]
qualifiers:
    Key: contig_edge, Value: False
    Key: cutoff, Value: [20000]
    Key: extension, Value: [20000]
    Key: note, Value: ['Cluster number: 2', 'Detection rule(s) for this cluster type: nrps: ((Condensation & AMP-binding) or (Condensation & A-OX) or cluster(Condensation,AMP-binding));']
    Key: product, Value: ['nrps']

INFO    09/11 00:58:10   Running cluster-specific analyses
DEBUG   09/11 00:58:10   Running analyses specific to Lantipeptides clusters
INFO    09/11 00:58:10   Calculating detailed predictions for Lanthipeptide clusters
DEBUG   09/11 00:58:10   Running analyses specific to Lassopeptides clusters
INFO    09/11 00:58:10   Calculating detailed predictions for lasso peptide clusters
DEBUG   09/11 00:58:10   Running analyses specific to Nrpspks clusters
INFO    09/11 00:58:11   Predicting NRPS A domain substrate specificities with SANDPUMA
DEBUG   09/11 00:58:11   Running 2 parallel sections, each with a max of 1 A domains
DEBUG   09/11 01:06:04   Running analyses specific to Thiopeptides clusters
INFO    09/11 01:06:04   Calculating detailed predictions for thiopeptide clusters
DEBUG   09/11 01:06:04   Running analyses specific to Terpenes clusters
INFO    09/11 01:06:04   Calulating detailed predictions for Terpene clusters.
DEBUG   09/11 01:06:04   Running analyses specific to Sactipeptides clusters
INFO    09/11 01:06:04   Calculating detailed predictions for sactipeptide clusters
INFO    09/11 01:06:04   Running analyses independent of specific cluster types
INFO    09/11 01:06:04   Detecting TTA codons
INFO    09/11 01:06:04   Detecting smCOGs for contig #1
INFO    09/11 01:06:04   Running smCOG analysis
DEBUG   09/11 01:06:07   Calculating and drawing phylogenetic trees of cluster genes with smCOG members
DEBUG   09/11 01:06:11   Invalid newick tree for 'PAZ_RS12340'
DEBUG   09/11 01:06:12   Invalid newick tree for 'PAZ_RS06450'
INFO    09/11 01:06:51   SubclusterBlast analysis for contig #1
INFO    09/11 01:06:51   Running subcluster search
DEBUG   09/11 01:06:51   SubClusterBlast: Loading gene clusters database into memory...
DEBUG   09/11 01:06:51   SubClusterBlast: Loading gene cluster database proteins into memory...
DEBUG   09/11 01:06:51   Finding internal homologs in each gene cluster..
DEBUG   09/11 01:06:52   Running NCBI BLAST+ subcluster searches..
DEBUG   09/11 01:06:52      Gene cluster 1
DEBUG   09/11 01:06:52      Blast search finished. Parsing results...
DEBUG   09/11 01:06:52      Gene cluster 2
DEBUG   09/11 01:06:53      Blast search finished. Parsing results...
DEBUG   09/11 01:06:53   seq_record.sc_qgeneclusterdata does not exist.
DEBUG   09/11 01:06:53   Storing data for SubClusterBlastData in storage object
INFO    09/11 01:06:53   KnownclusterBlast analysis for contig #1
INFO    09/11 01:06:53   Running known cluster search
DEBUG   09/11 01:06:53   KnownClusterBlast: Loading gene clusters database into memory...
DEBUG   09/11 01:06:53   KnownClusterBlast: Loading gene cluster database proteins into memory...
DEBUG   09/11 01:06:53   Finding internal homologs in each gene cluster..
DEBUG   09/11 01:06:54   Running DIAMOND knowncluster searches..
DEBUG   09/11 01:07:01   seq_record.kc_qgeneclusterdata does not exist.
DEBUG   09/11 01:07:01   Storing data for KnownClusterBlastData in storage object
DEBUG   09/11 01:07:01   **********************************************
resource name PKSI_KR_Stereo
*********************************
WARNING 09/11 01:07:01   ASP: No features found containing feature/tag/value aSDomain / domain / PKS_KR
DEBUG   09/11 01:07:01   found 0 hsps in hmmer results
DEBUG   09/11 01:07:01   **********************************************
resource name ASP_KS
*********************************
WARNING 09/11 01:07:01   ASP: No features found containing feature/tag/value aSDomain / domain / PKS_KS
DEBUG   09/11 01:07:01   found 0 hsps in hmmer results
DEBUG   09/11 01:07:01   **********************************************
resource name ASP_KS_C
*********************************
WARNING 09/11 01:07:01   ASP: No features found containing feature/tag/value aSDomain / domain / PKS_KS
DEBUG   09/11 01:07:01   found 0 hsps in hmmer results
DEBUG   09/11 01:07:01   **********************************************
resource name ASP_AT
*********************************
WARNING 09/11 01:07:01   ASP: No features found containing feature/tag/value aSDomain / domain / PKS_AT
DEBUG   09/11 01:07:01   found 0 hsps in hmmer results
DEBUG   09/11 01:07:01   **********************************************
resource name ACP-type
*********************************
WARNING 09/11 01:07:01   ASP: No features found containing feature/tag/value aSDomain / domain / ACP
DEBUG   09/11 01:07:01   found 0 hsps in hmmer results
DEBUG   09/11 01:07:01   **********************************************
resource name ASP_ACP
*********************************
WARNING 09/11 01:07:01   ASP: No features found containing feature/tag/value aSDomain / domain / ACP
DEBUG   09/11 01:07:01   found 0 hsps in hmmer results
DEBUG   09/11 01:07:01   **********************************************
resource name ASP_PKSI-DH
*********************************
WARNING 09/11 01:07:01   ASP: No features found containing feature/tag/value aSDomain / domain / PKS_DH
DEBUG   09/11 01:07:01   found 0 hsps in hmmer results
DEBUG   09/11 01:07:01   **********************************************
resource name ASP_PKSI-KR
*********************************
WARNING 09/11 01:07:01   ASP: No features found containing feature/tag/value aSDomain / domain / PKS_KR
DEBUG   09/11 01:07:01   found 0 hsps in hmmer results
DEBUG   09/11 01:07:01   **********************************************
resource name ASP_Thioesterase
*********************************
DEBUG   09/11 01:07:01   Found file '/antismash-4.2.0/antismash/generic_modules/active_site_finder/hmm/Thioesterase.hmm2'
DEBUG   09/11 01:07:01   ASF: ASP_Thioesterase; external program call:
hmmpfam2 -T 0 -E 0.1 --cpu 1 /antismash-4.2.0/antismash/generic_modules/active_site_finder/hmm/Thioesterase.hmm2 -
DEBUG   09/11 01:07:01   Executing tools with STDIN input
DEBUG   09/11 01:07:01   External program output: <cStringIO.StringI object at 0x7f0c0b313030>
DEBUG   09/11 01:07:01   found 1 hsps in hmmer results
DEBUG   09/11 01:07:01   found hit with feature0
DEBUG   09/11 01:07:01   **********************************************
resource name PKSI_ER_Stereo
*********************************
WARNING 09/11 01:07:01   ASP: No features found containing feature/tag/value aSDomain / domain / PKS_ER
DEBUG   09/11 01:07:01   found 0 hsps in hmmer results
DEBUG   09/11 01:07:01   **********************************************
resource name PKSI_AT_Spec
*********************************
WARNING 09/11 01:07:01   ASP: No features found containing feature/tag/value aSDomain / domain / PKS_AT
DEBUG   09/11 01:07:01   found 0 hsps in hmmer results
DEBUG   09/11 01:07:01   **********************************************
resource name StachelhausExtract
*********************************
DEBUG   09/11 01:07:01   Found file '/antismash-4.2.0/antismash/generic_modules/active_site_finder/hmm/aa-activating.aroundLys.hmm2'
DEBUG   09/11 01:07:01   ASF: StachelhausExtract; external program call:
hmmpfam2 -T 0 -E 0.1 --cpu 1 /antismash-4.2.0/antismash/generic_modules/active_site_finder/hmm/aa-activating.aroundLys.hmm2 -
DEBUG   09/11 01:07:01   Executing tools with STDIN input
DEBUG   09/11 01:07:01   External program output: <cStringIO.StringI object at 0x7f0c0c14cf10>
DEBUG   09/11 01:07:01   found 2 hsps in hmmer results
DEBUG   09/11 01:07:01   found hit with feature0
DEBUG   09/11 01:07:01   KAVQVGMDAVRNRITWM---WNAYP----Y-ESSDLVVVQKP-LSFVASFWEVLGTLLAGVTGVLITNI---ERSRPDVMFDRLASSGATHLFTTPPALASLCDIATEQ-----GSTLPQLRLVCSSADQLMASVVRQFFEIAPR-A--RVVNLYGATETSANTTS 12..158
DEBUG   09/11 01:07:01   KGVmveHrnvvnlvkwlneryflfgeeddllgesdrvLqfssAysFDaSvweifgaLLnGgtLVivpkefsetrlDpeaLaalieregiTvlnltPsllnllldaaeeatpdfapedlssLrrvlvGGEaLspslarrlrerfpdragvrliNaYGPTEtTVcaTi 0..166
DEBUG   09/11 01:07:01                                                 **  *                                         *                               * *                          *       **   
DEBUG   09/11 01:07:01   Scaffold coordinate 46; fixed scaffold coordinate 46, query aa V; hmm aa D; scaffold value D; emission probability n.d.; match False
DEBUG   09/11 01:07:01   Scaffold coordinate 47; fixed scaffold coordinate 47, query aa A; hmm aa a; scaffold value A; emission probability n.d.; match True
DEBUG   09/11 01:07:01   Scaffold coordinate 50; fixed scaffold coordinate 50, query aa W; hmm aa w; scaffold value W; emission probability n.d.; match True
WARNING 09/11 01:07:01   ASF: aa extracted from hmm profile does not match predifined aa in XML config file!
DEBUG   09/11 01:07:01   Scaffold coordinate 92; fixed scaffold coordinate 92, query aa F; hmm aa n; scaffold value T; emission probability n.d.; match False
WARNING 09/11 01:07:01   ASF: aa extracted from hmm profile does not match predifined aa in XML config file!
DEBUG   09/11 01:07:01   Scaffold coordinate 124; fixed scaffold coordinate 124, query aa C; hmm aa l; scaffold value I; emission probability n.d.; match False
WARNING 09/11 01:07:01   ASF: aa extracted from hmm profile does not match predifined aa in XML config file!
DEBUG   09/11 01:07:01   Scaffold coordinate 126; fixed scaffold coordinate 126, query aa S; hmm aa G; scaffold value A; emission probability n.d.; match False
DEBUG   09/11 01:07:01   Scaffold coordinate 153; fixed scaffold coordinate 153, query aa L; hmm aa a; scaffold value A; emission probability n.d.; match False
WARNING 09/11 01:07:01   ASF: aa extracted from hmm profile does not match predifined aa in XML config file!
DEBUG   09/11 01:07:01   Scaffold coordinate 161; fixed scaffold coordinate 161, query aa A; hmm aa V; scaffold value I; emission probability n.d.; match False
DEBUG   09/11 01:07:01   Scaffold coordinate 162; fixed scaffold coordinate 162, query aa N; hmm aa c; scaffold value C; emission probability n.d.; match False
DEBUG   09/11 01:07:01   Overall Scaffold Match: FALSE

DEBUG   09/11 01:07:01   Scaffold coordinates: (47,48,51,93,125,127,154,162,163); scaffold residues: (V,A,W,F,C,S,L,A,N); expected: (D,A,W,T,I,A,A,I,C); matchArray: (False,True,True,False,False,False,False,False,False); emission probability array (n.d.,n.d.,n.d.,n.d.,n.d.,n.d.,n.d.,n.d.,n.d.); overall match: FALSE
DEBUG   09/11 01:07:01   found hit with feature1
DEBUG   09/11 01:07:01   KGALIAHMGMMNHLHSKAH---LLH----L-GADSVVAQTAP-TTFDVSIWQFCSALLVGGAVRIVPNG---ISQDPHELFSLLKEKHITHIELVPTVFRELIHEI------GPSVSFSGLEYVLVTGEELPLRLAKDWAEKFPS-V--PLINAYGPTECSDDVTH 117..262
DEBUG   09/11 01:07:01   KGVmveHrnvvnlvkwlneryflfgeeddllgesdrvLqfssAysFDaSvweifgaLLnGgtLVivpkefsetrlDpeaLaalieregiTvlnltPsllnllldaaeeatpdfapedlssLrrvlvGGEaLspslarrlrerfpdragvrliNaYGPTEtTVcaTi 0..166
DEBUG   09/11 01:07:01                                                 **  *                                         *                               * *                          *       **   
DEBUG   09/11 01:07:01   Scaffold coordinate 46; fixed scaffold coordinate 46, query aa D; hmm aa D; scaffold value D; emission probability n.d.; match True
DEBUG   09/11 01:07:01   Scaffold coordinate 47; fixed scaffold coordinate 47, query aa V; hmm aa a; scaffold value A; emission probability n.d.; match False
DEBUG   09/11 01:07:01   Scaffold coordinate 50; fixed scaffold coordinate 50, query aa W; hmm aa w; scaffold value W; emission probability n.d.; match True
WARNING 09/11 01:07:01   ASF: aa extracted from hmm profile does not match predifined aa in XML config file!
DEBUG   09/11 01:07:01   Scaffold coordinate 92; fixed scaffold coordinate 92, query aa E; hmm aa n; scaffold value T; emission probability n.d.; match False
WARNING 09/11 01:07:01   ASF: aa extracted from hmm profile does not match predifined aa in XML config file!
DEBUG   09/11 01:07:01   Scaffold coordinate 124; fixed scaffold coordinate 124, query aa L; hmm aa l; scaffold value I; emission probability n.d.; match False
WARNING 09/11 01:07:01   ASF: aa extracted from hmm profile does not match predifined aa in XML config file!
DEBUG   09/11 01:07:01   Scaffold coordinate 126; fixed scaffold coordinate 126, query aa T; hmm aa G; scaffold value A; emission probability n.d.; match False
DEBUG   09/11 01:07:01   Scaffold coordinate 153; fixed scaffold coordinate 153, query aa A; hmm aa a; scaffold value A; emission probability n.d.; match True
WARNING 09/11 01:07:01   ASF: aa extracted from hmm profile does not match predifined aa in XML config file!
DEBUG   09/11 01:07:01   Scaffold coordinate 161; fixed scaffold coordinate 161, query aa D; hmm aa V; scaffold value I; emission probability n.d.; match False
DEBUG   09/11 01:07:01   Scaffold coordinate 162; fixed scaffold coordinate 162, query aa D; hmm aa c; scaffold value C; emission probability n.d.; match False
DEBUG   09/11 01:07:01   Overall Scaffold Match: FALSE

DEBUG   09/11 01:07:01   Scaffold coordinates: (47,48,51,93,125,127,154,162,163); scaffold residues: (D,V,W,E,L,T,A,D,D); expected: (D,A,W,T,I,A,A,I,C); matchArray: (True,False,True,False,False,False,True,False,False); emission probability array (n.d.,n.d.,n.d.,n.d.,n.d.,n.d.,n.d.,n.d.,n.d.); overall match: FALSE
DEBUG   09/11 01:07:01   **********************************************
resource name ASP_P450Oxy
*********************************
WARNING 09/11 01:07:01   ASP: No features found containing feature/tag/value PFAM_domain / domain / p450
DEBUG   09/11 01:07:01   found 0 hsps in hmmer results
DEBUG   09/11 01:07:01   Active site finder execution successful
INFO    09/11 01:07:01   Writing the output files
DEBUG   09/11 01:07:01   Writing output for 1 sequence records
DEBUG   09/11 01:07:01   Writing seq_records to '/data/antismash/upload/bacteria-0d831a99-8910-49d3-a1da-d0cad3cd7818/NC_017534.1.final.embl'
DEBUG   09/11 01:07:02   Writing seq_records to '/data/antismash/upload/bacteria-0d831a99-8910-49d3-a1da-d0cad3cd7818/NC_017534.1.final.gbk'
DEBUG   09/11 01:07:03   Writing seq_records SVGs to '/data/antismash/upload/bacteria-0d831a99-8910-49d3-a1da-d0cad3cd7818/svg'
DEBUG   09/11 01:07:03   prepare_visualization: Found KnownClusterBlastData storage object
DEBUG   09/11 01:07:03   prepare_visualization: Found SubClusterBlastData storage object
DEBUG   09/11 01:07:03   Writing visualization SVGs
DEBUG   09/11 01:07:03   Generating SVG for SubClusterBlast
DEBUG   09/11 01:07:03   Generating SVG for KnownClusterBlast
DEBUG   09/11 01:07:03   Writing seq_records to '/data/antismash/upload/bacteria-0d831a99-8910-49d3-a1da-d0cad3cd7818'
DEBUG   09/11 01:07:03   Cluster 2: smiles_string: N[C@@H](C)C(=O)N[C@@H](C)C(=O)
DEBUG   09/11 01:07:03   ['git', 'rev-parse', '--short', 'HEAD'] None returned OSError(2, 'No such file or directory')
WARNING 09/11 01:07:03   Error parsing best knowncluster hit; knownclusters array = []. Possibly no significant hits to known biosynthetic gene clusters.
WARNING 09/11 01:07:03   Error parsing best knowncluster hit; knownclusters array = []. Possibly no significant hits to known biosynthetic gene clusters.
DEBUG   09/11 01:07:03   failed to find '/data/antismash/upload/bacteria-0d831a99-8910-49d3-a1da-d0cad3cd7818/svg/subclusterblast1_1.svg'
DEBUG   09/11 01:07:03   failed to find '/data/antismash/upload/bacteria-0d831a99-8910-49d3-a1da-d0cad3cd7818/svg/subclusterblast1_2.svg'
DEBUG   09/11 01:07:03   failed to find '/data/antismash/upload/bacteria-0d831a99-8910-49d3-a1da-d0cad3cd7818/svg/subclusterblast1_3.svg'
DEBUG   09/11 01:07:03   failed to find '/data/antismash/upload/bacteria-0d831a99-8910-49d3-a1da-d0cad3cd7818/svg/subclusterblast1_4.svg'
DEBUG   09/11 01:07:03   failed to find '/data/antismash/upload/bacteria-0d831a99-8910-49d3-a1da-d0cad3cd7818/svg/subclusterblast1_5.svg'
DEBUG   09/11 01:07:03   failed to find '/data/antismash/upload/bacteria-0d831a99-8910-49d3-a1da-d0cad3cd7818/svg/subclusterblast1_6.svg'
DEBUG   09/11 01:07:03   failed to find '/data/antismash/upload/bacteria-0d831a99-8910-49d3-a1da-d0cad3cd7818/svg/subclusterblast1_7.svg'
DEBUG   09/11 01:07:03   failed to find '/data/antismash/upload/bacteria-0d831a99-8910-49d3-a1da-d0cad3cd7818/svg/subclusterblast1_8.svg'
DEBUG   09/11 01:07:03   failed to find '/data/antismash/upload/bacteria-0d831a99-8910-49d3-a1da-d0cad3cd7818/svg/subclusterblast1_9.svg'
DEBUG   09/11 01:07:03   failed to find '/data/antismash/upload/bacteria-0d831a99-8910-49d3-a1da-d0cad3cd7818/svg/subclusterblast1_10.svg'
DEBUG   09/11 01:07:03   failed to find '/data/antismash/upload/bacteria-0d831a99-8910-49d3-a1da-d0cad3cd7818/svg/knownclusterblast1_1.svg'
DEBUG   09/11 01:07:03   failed to find '/data/antismash/upload/bacteria-0d831a99-8910-49d3-a1da-d0cad3cd7818/svg/knownclusterblast1_2.svg'
DEBUG   09/11 01:07:03   failed to find '/data/antismash/upload/bacteria-0d831a99-8910-49d3-a1da-d0cad3cd7818/svg/knownclusterblast1_3.svg'
DEBUG   09/11 01:07:03   failed to find '/data/antismash/upload/bacteria-0d831a99-8910-49d3-a1da-d0cad3cd7818/svg/knownclusterblast1_4.svg'
DEBUG   09/11 01:07:03   failed to find '/data/antismash/upload/bacteria-0d831a99-8910-49d3-a1da-d0cad3cd7818/svg/knownclusterblast1_5.svg'
DEBUG   09/11 01:07:03   failed to find '/data/antismash/upload/bacteria-0d831a99-8910-49d3-a1da-d0cad3cd7818/svg/knownclusterblast1_6.svg'
DEBUG   09/11 01:07:03   failed to find '/data/antismash/upload/bacteria-0d831a99-8910-49d3-a1da-d0cad3cd7818/svg/knownclusterblast1_7.svg'
DEBUG   09/11 01:07:03   failed to find '/data/antismash/upload/bacteria-0d831a99-8910-49d3-a1da-d0cad3cd7818/svg/knownclusterblast1_8.svg'
DEBUG   09/11 01:07:03   failed to find '/data/antismash/upload/bacteria-0d831a99-8910-49d3-a1da-d0cad3cd7818/svg/knownclusterblast1_9.svg'
DEBUG   09/11 01:07:03   failed to find '/data/antismash/upload/bacteria-0d831a99-8910-49d3-a1da-d0cad3cd7818/svg/knownclusterblast1_10.svg'
DEBUG   09/11 01:07:03   NORINE URL from array: http://bioinfo.lifl.fr/norine/fingerPrintSearch.jsp?nrps1=[N/A-N/A|ser|ala]
DEBUG   09/11 01:07:03   NORINE URL from array: http://bioinfo.lifl.fr/norine/fingerPrintSearch.jsp?nrps1=[N/A-N/A*|ser*|ala*]
DEBUG   09/11 01:07:03   NORINE URL from array: http://bioinfo.lifl.fr/norine/fingerPrintSearch.jsp?nrps1=[N/A-N/A|dab|ala]
DEBUG   09/11 01:07:03   NORINE URL from array: http://bioinfo.lifl.fr/norine/fingerPrintSearch.jsp?nrps1=[N/A-N/A*|dab*|ala*]
DEBUG   09/11 01:07:03   NORINE URL from array: http://bioinfo.lifl.fr/norine/fingerPrintSearch.jsp?nrps1=ala&nrps2=ala
DEBUG   09/11 01:07:03   NORINE URL string: http://bioinfo.lifl.fr/norine/fingerPrintSearch.jsp?nrps1=ala&nrps2=ala
DEBUG   09/11 01:07:03   NORINE URL from array: http://bioinfo.lifl.fr/norine/fingerPrintSearch.jsp?nrps1=ala*&nrps2=ala*
DEBUG   09/11 01:07:03   failed to find '/data/antismash/upload/bacteria-0d831a99-8910-49d3-a1da-d0cad3cd7818/svg/subclusterblast2_1.svg'
DEBUG   09/11 01:07:04   failed to find '/data/antismash/upload/bacteria-0d831a99-8910-49d3-a1da-d0cad3cd7818/svg/subclusterblast2_2.svg'
DEBUG   09/11 01:07:04   failed to find '/data/antismash/upload/bacteria-0d831a99-8910-49d3-a1da-d0cad3cd7818/svg/subclusterblast2_3.svg'
DEBUG   09/11 01:07:04   failed to find '/data/antismash/upload/bacteria-0d831a99-8910-49d3-a1da-d0cad3cd7818/svg/subclusterblast2_4.svg'
DEBUG   09/11 01:07:04   failed to find '/data/antismash/upload/bacteria-0d831a99-8910-49d3-a1da-d0cad3cd7818/svg/subclusterblast2_5.svg'
DEBUG   09/11 01:07:04   failed to find '/data/antismash/upload/bacteria-0d831a99-8910-49d3-a1da-d0cad3cd7818/svg/subclusterblast2_6.svg'
DEBUG   09/11 01:07:04   failed to find '/data/antismash/upload/bacteria-0d831a99-8910-49d3-a1da-d0cad3cd7818/svg/subclusterblast2_7.svg'
DEBUG   09/11 01:07:04   failed to find '/data/antismash/upload/bacteria-0d831a99-8910-49d3-a1da-d0cad3cd7818/svg/subclusterblast2_8.svg'
DEBUG   09/11 01:07:04   failed to find '/data/antismash/upload/bacteria-0d831a99-8910-49d3-a1da-d0cad3cd7818/svg/subclusterblast2_9.svg'
DEBUG   09/11 01:07:04   failed to find '/data/antismash/upload/bacteria-0d831a99-8910-49d3-a1da-d0cad3cd7818/svg/subclusterblast2_10.svg'
DEBUG   09/11 01:07:04   failed to find '/data/antismash/upload/bacteria-0d831a99-8910-49d3-a1da-d0cad3cd7818/svg/knownclusterblast2_1.svg'
DEBUG   09/11 01:07:04   failed to find '/data/antismash/upload/bacteria-0d831a99-8910-49d3-a1da-d0cad3cd7818/svg/knownclusterblast2_2.svg'
DEBUG   09/11 01:07:04   failed to find '/data/antismash/upload/bacteria-0d831a99-8910-49d3-a1da-d0cad3cd7818/svg/knownclusterblast2_3.svg'
DEBUG   09/11 01:07:04   failed to find '/data/antismash/upload/bacteria-0d831a99-8910-49d3-a1da-d0cad3cd7818/svg/knownclusterblast2_4.svg'
DEBUG   09/11 01:07:04   failed to find '/data/antismash/upload/bacteria-0d831a99-8910-49d3-a1da-d0cad3cd7818/svg/knownclusterblast2_5.svg'
DEBUG   09/11 01:07:04   failed to find '/data/antismash/upload/bacteria-0d831a99-8910-49d3-a1da-d0cad3cd7818/svg/knownclusterblast2_6.svg'
DEBUG   09/11 01:07:04   failed to find '/data/antismash/upload/bacteria-0d831a99-8910-49d3-a1da-d0cad3cd7818/svg/knownclusterblast2_7.svg'
DEBUG   09/11 01:07:04   failed to find '/data/antismash/upload/bacteria-0d831a99-8910-49d3-a1da-d0cad3cd7818/svg/knownclusterblast2_8.svg'
DEBUG   09/11 01:07:04   failed to find '/data/antismash/upload/bacteria-0d831a99-8910-49d3-a1da-d0cad3cd7818/svg/knownclusterblast2_9.svg'
DEBUG   09/11 01:07:04   failed to find '/data/antismash/upload/bacteria-0d831a99-8910-49d3-a1da-d0cad3cd7818/svg/knownclusterblast2_10.svg'
DEBUG   09/11 01:07:04   Exporting antiSMASH information as txt tables
