DEBUG   02/11 06:47:56   ['git', 'rev-parse', '--short', 'HEAD'] None returned OSError(2, 'No such file or directory')
DEBUG   02/11 06:47:56   starting antiSMASH 4.2.0, called with /usr/local/bin/run_antismash.py --cpus 8 --taxon bacteria --outputfolder /data/antismash/upload/bacteria-d60d4f59-db34-4322-86aa-8a7761637ded --logfile /data/antismash/upload/bacteria-d60d4f59-db34-4322-86aa-8a7761637ded/bacteria-d60d4f59-db34-4322-86aa-8a7761637ded.log --input-type nucl --debug --smcogs --asf --knownclusterblast --subclusterblast --genefinding prodigal /input/NC_006085.1.gbk
DEBUG   02/11 06:47:56   antismash analysis started at 2018-11-02 06:47:56.515592
DEBUG   02/11 06:47:56   OPTIONS: Namespace(all_orfs=False, borderpredict=False, borderpredict_only=False, cassis=False, cdsnr=5, cf_npfams=5, cf_prob_thres=0.6, check_prereqs_only=False, clusterblast=False, cpus=8, dbgclusterblast='', dbgsandpuma='', debug=True, enabled_cluster_types=['t1pks', 'transatpks', 't2pks', 't3pks', 'otherks', 'ppysks', 'arylpolyene', 'resorcinol', 'ladderane', 'PUFA', 'nrps', 'terpene', 'lantipeptide', 'bacteriocin', 'thiopeptide', 'linaridin', 'cyanobactin', 'glycocin', 'LAP', 'lassopeptide', 'sactipeptide', 'bottromycin', 'head_to_tail', 'microcin', 'microviridin', 'proteusin', 'blactam', 'amglyccycl', 'aminocoumarin', 'siderophore', 'ectoine', 'butyrolactone', 'indole', 'nucleoside', 'phosphoglycolipid', 'melanin', 'oligosaccharide', 'furan', 'hserlactone', 'phenazine', 'phosphonate', 'fused', 'pbde', 'other', 'acyl_amino_acids'], enabled_specific_plugins=None, end=-1, fix_id_line=False, full_hmmer=False, genefinding='prodigal', gff3=False, help=False, help_showall=False, homologyscalelimit=0.0, inclusive=False, input_type='nucl', knownclusterblast=True, limit=-1, list_plugins=False, logfile='/data/antismash/upload/bacteria-d60d4f59-db34-4322-86aa-8a7761637ded/bacteria-d60d4f59-db34-4322-86aa-8a7761637ded.log', minimal=False, minlength=1000, nclusters=10, outputfoldername='/data/antismash/upload/bacteria-d60d4f59-db34-4322-86aa-8a7761637ded', profile=False, run_asf=True, seed=0, sequences=['/input/NC_006085.1.gbk'], skip_cleanup=False, smcogs=True, start=-1, subclusterblast=True, taxon='bacteria', transatpks_da=False, transatpks_da_cutoff=10, tta=False, verbose=False, version=False, without_fimo=False)
DEBUG   02/11 06:47:56   MINLENGTH: 1000
DEBUG   02/11 06:47:56   Number of clusters = 10
INFO    02/11 06:47:56   Loading detection plugins
DEBUG   02/11 06:47:56   BiosynML
DEBUG   02/11 06:47:56   Not activating disabled plugin 'BiosynML'
DEBUG   02/11 06:47:56   embl
DEBUG   02/11 06:47:56   genbank
DEBUG   02/11 06:47:56   svg
DEBUG   02/11 06:47:56   xls
DEBUG   02/11 06:47:56   html
DEBUG   02/11 06:47:56   txt
DEBUG   02/11 06:47:56   Found executable '/usr/lib/tigr-glimmer/long-orfs'
DEBUG   02/11 06:47:56   Found executable '/usr/lib/tigr-glimmer/extract'
DEBUG   02/11 06:47:56   Found executable '/usr/lib/tigr-glimmer/build-icm'
DEBUG   02/11 06:47:56   Found executable '/usr/lib/tigr-glimmer/glimmer3'
DEBUG   02/11 06:47:56   Found executable '/usr/bin/glimmerhmm'
DEBUG   02/11 06:47:56   Found executable '/usr/bin/prodigal'
DEBUG   02/11 06:47:56   Found executable '/usr/bin/hmmsearch'
DEBUG   02/11 06:47:56   Found executable '/usr/bin/hmmpress'
DEBUG   02/11 06:47:56   Found file '/antismash-4.2.0/antismash/generic_modules/hmm_detection/bgc_seeds.hmm'
DEBUG   02/11 06:47:56   Found file '/antismash-4.2.0/antismash/generic_modules/hmm_detection/bgc_seeds.hmm.h3f'
DEBUG   02/11 06:47:56   Found file '/antismash-4.2.0/antismash/generic_modules/hmm_detection/bgc_seeds.hmm.h3i'
DEBUG   02/11 06:47:56   Found file '/antismash-4.2.0/antismash/generic_modules/hmm_detection/bgc_seeds.hmm.h3m'
DEBUG   02/11 06:47:56   Found file '/antismash-4.2.0/antismash/generic_modules/hmm_detection/bgc_seeds.hmm.h3p'
DEBUG   02/11 06:47:56   Found executable '/usr/bin/blastp'
DEBUG   02/11 06:47:56   Found executable '/usr/bin/hmmpfam2'
DEBUG   02/11 06:47:56   Found executable '/usr/bin/hmmscan'
DEBUG   02/11 06:47:56   Found executable '/usr/bin/hmmpress'
DEBUG   02/11 06:47:56   Found file '/antismash-4.2.0/antismash/generic_modules/active_site_finder/hmm/PKSI-KR.hmm2'
DEBUG   02/11 06:47:56   Found file '/antismash-4.2.0/antismash/generic_modules/active_site_finder/hmm/PKSI-KS_N.hmm2'
DEBUG   02/11 06:47:56   Found file '/antismash-4.2.0/antismash/generic_modules/active_site_finder/hmm/PKSI-KS_C.hmm2'
DEBUG   02/11 06:47:56   Found file '/antismash-4.2.0/antismash/generic_modules/active_site_finder/hmm/PKSI-AT.hmm2'
DEBUG   02/11 06:47:56   Found file '/antismash-4.2.0/antismash/generic_modules/active_site_finder/hmm/PKSI-ACP.hmm2'
DEBUG   02/11 06:47:56   Found file '/antismash-4.2.0/antismash/generic_modules/active_site_finder/hmm/PKSI-ACP.hmm2'
DEBUG   02/11 06:47:56   Found file '/antismash-4.2.0/antismash/generic_modules/active_site_finder/hmm/PKSI-DH.hmm2'
DEBUG   02/11 06:47:56   Found file '/antismash-4.2.0/antismash/generic_modules/active_site_finder/hmm/PKSI-KR.hmm2'
DEBUG   02/11 06:47:56   Found file '/antismash-4.2.0/antismash/generic_modules/active_site_finder/hmm/Thioesterase.hmm2'
DEBUG   02/11 06:47:56   Found file '/antismash-4.2.0/antismash/generic_modules/active_site_finder/hmm/PKSI-ER.hmm2'
DEBUG   02/11 06:47:56   Found file '/antismash-4.2.0/antismash/generic_modules/active_site_finder/hmm/PKSI-AT.hmm2'
DEBUG   02/11 06:47:56   Found file '/antismash-4.2.0/antismash/generic_modules/active_site_finder/hmm/aa-activating.aroundLys.hmm2'
DEBUG   02/11 06:47:56   Found file '/antismash-4.2.0/antismash/generic_modules/active_site_finder/hmm/p450.hmm3'
DEBUG   02/11 06:47:56   Found file '/antismash-4.2.0/antismash/generic_modules/active_site_finder/hmm/p450.hmm3.h3f'
DEBUG   02/11 06:47:56   Found file '/antismash-4.2.0/antismash/generic_modules/active_site_finder/hmm/p450.hmm3.h3i'
DEBUG   02/11 06:47:56   Found file '/antismash-4.2.0/antismash/generic_modules/active_site_finder/hmm/p450.hmm3.h3m'
DEBUG   02/11 06:47:56   Found file '/antismash-4.2.0/antismash/generic_modules/active_site_finder/hmm/p450.hmm3.h3p'
DEBUG   02/11 06:47:56   Found executable '/usr/bin/muscle'
DEBUG   02/11 06:47:56   Found executable '/usr/bin/hmmscan'
DEBUG   02/11 06:47:56   Found executable '/usr/bin/hmmpress'
DEBUG   02/11 06:47:56   Found executable '/usr/bin/fasttree'
DEBUG   02/11 06:47:56   Found executable '/usr/bin/java'
DEBUG   02/11 06:47:56   Found file '/antismash-4.2.0/antismash/generic_modules/smcogs/smcogs.hmm'
DEBUG   02/11 06:47:56   Found file '/antismash-4.2.0/antismash/generic_modules/smcogs/smcogs.hmm.h3f'
DEBUG   02/11 06:47:56   Found file '/antismash-4.2.0/antismash/generic_modules/smcogs/smcogs.hmm.h3i'
DEBUG   02/11 06:47:56   Found file '/antismash-4.2.0/antismash/generic_modules/smcogs/smcogs.hmm.h3m'
DEBUG   02/11 06:47:56   Found file '/antismash-4.2.0/antismash/generic_modules/smcogs/smcogs.hmm.h3p'
DEBUG   02/11 06:47:56   Found executable '/usr/bin/blastp'
DEBUG   02/11 06:47:56   Found executable '/usr/bin/makeblastdb'
DEBUG   02/11 06:47:56   Found file '/antismash-4.2.0/antismash/generic_modules/subclusterblast/subclusterprots.fasta'
DEBUG   02/11 06:47:56   Found file '/antismash-4.2.0/antismash/generic_modules/subclusterblast/subclusterprots.fasta.phr'
DEBUG   02/11 06:47:56   Found file '/antismash-4.2.0/antismash/generic_modules/subclusterblast/subclusterprots.fasta.pin'
DEBUG   02/11 06:47:56   Found file '/antismash-4.2.0/antismash/generic_modules/subclusterblast/subclusterprots.fasta.psq'
DEBUG   02/11 06:47:56   Found file '/antismash-4.2.0/antismash/generic_modules/subclusterblast/subclusters.txt'
DEBUG   02/11 06:47:56   Found executable '/usr/bin/blastp'
DEBUG   02/11 06:47:56   Found executable '/usr/bin/makeblastdb'
DEBUG   02/11 06:47:56   Found executable '/usr/bin/diamond'
DEBUG   02/11 06:47:56   Found file '/antismash-4.2.0/antismash/generic_modules/knownclusterblast/knownclusterprots.fasta'
DEBUG   02/11 06:47:56   Found file '/antismash-4.2.0/antismash/generic_modules/knownclusterblast/knownclusterprots.dmnd'
DEBUG   02/11 06:47:56   Found file '/antismash-4.2.0/antismash/generic_modules/knownclusterblast/knownclusters.txt'
DEBUG   02/11 06:47:56   Found executable '/usr/bin/hmmpfam2'
DEBUG   02/11 06:47:56   Found executable '/usr/bin/fimo'
DEBUG   02/11 06:47:56   Found executable '/usr/bin/hmmpfam2'
DEBUG   02/11 06:47:56   Found executable '/usr/bin/fimo'
DEBUG   02/11 06:47:56   Found executable '/usr/bin/hmmsearch'
DEBUG   02/11 06:47:56   Found executable '/usr/bin/hmmpress'
DEBUG   02/11 06:47:56   Found executable '/usr/bin/muscle'
DEBUG   02/11 06:47:56   Found executable '/usr/bin/java'
DEBUG   02/11 06:47:56   Found file '/antismash-4.2.0/antismash/specific_modules/nrpspks/abmotifs.hmm'
DEBUG   02/11 06:47:56   Found file '/antismash-4.2.0/antismash/specific_modules/nrpspks/abmotifs.hmm.h3f'
DEBUG   02/11 06:47:56   Found file '/antismash-4.2.0/antismash/specific_modules/nrpspks/abmotifs.hmm.h3i'
DEBUG   02/11 06:47:56   Found file '/antismash-4.2.0/antismash/specific_modules/nrpspks/abmotifs.hmm.h3m'
DEBUG   02/11 06:47:56   Found file '/antismash-4.2.0/antismash/specific_modules/nrpspks/abmotifs.hmm.h3p'
DEBUG   02/11 06:47:56   Found file '/antismash-4.2.0/antismash/specific_modules/nrpspks/dockingdomains.hmm'
DEBUG   02/11 06:47:56   Found file '/antismash-4.2.0/antismash/specific_modules/nrpspks/dockingdomains.hmm.h3f'
DEBUG   02/11 06:47:56   Found file '/antismash-4.2.0/antismash/specific_modules/nrpspks/dockingdomains.hmm.h3i'
DEBUG   02/11 06:47:56   Found file '/antismash-4.2.0/antismash/specific_modules/nrpspks/dockingdomains.hmm.h3m'
DEBUG   02/11 06:47:56   Found file '/antismash-4.2.0/antismash/specific_modules/nrpspks/dockingdomains.hmm.h3p'
DEBUG   02/11 06:47:56   Found file '/antismash-4.2.0/antismash/specific_modules/nrpspks/ksdomains.hmm'
DEBUG   02/11 06:47:56   Found file '/antismash-4.2.0/antismash/specific_modules/nrpspks/ksdomains.hmm.h3f'
DEBUG   02/11 06:47:56   Found file '/antismash-4.2.0/antismash/specific_modules/nrpspks/ksdomains.hmm.h3i'
DEBUG   02/11 06:47:56   Found file '/antismash-4.2.0/antismash/specific_modules/nrpspks/ksdomains.hmm.h3m'
DEBUG   02/11 06:47:56   Found file '/antismash-4.2.0/antismash/specific_modules/nrpspks/ksdomains.hmm.h3p'
DEBUG   02/11 06:47:56   Found file '/antismash-4.2.0/antismash/specific_modules/nrpspks/nrpspksdomains.hmm'
DEBUG   02/11 06:47:56   Found file '/antismash-4.2.0/antismash/specific_modules/nrpspks/nrpspksdomains.hmm.h3f'
DEBUG   02/11 06:47:56   Found file '/antismash-4.2.0/antismash/specific_modules/nrpspks/nrpspksdomains.hmm.h3i'
DEBUG   02/11 06:47:56   Found file '/antismash-4.2.0/antismash/specific_modules/nrpspks/nrpspksdomains.hmm.h3m'
DEBUG   02/11 06:47:56   Found file '/antismash-4.2.0/antismash/specific_modules/nrpspks/nrpspksdomains.hmm.h3p'
DEBUG   02/11 06:47:56   Found file '/antismash-4.2.0/antismash/specific_modules/nrpspks/sandpuma/flat/fullset0_smiles/fullset0_smiles_nrpsA.hmmdb'
DEBUG   02/11 06:47:56   Found file '/antismash-4.2.0/antismash/specific_modules/nrpspks/sandpuma/flat/fullset0_smiles/fullset0_smiles_nrpsA.hmmdb.h3f'
DEBUG   02/11 06:47:56   Found file '/antismash-4.2.0/antismash/specific_modules/nrpspks/sandpuma/flat/fullset0_smiles/fullset0_smiles_nrpsA.hmmdb.h3i'
DEBUG   02/11 06:47:56   Found file '/antismash-4.2.0/antismash/specific_modules/nrpspks/sandpuma/flat/fullset0_smiles/fullset0_smiles_nrpsA.hmmdb.h3m'
DEBUG   02/11 06:47:56   Found file '/antismash-4.2.0/antismash/specific_modules/nrpspks/sandpuma/flat/fullset0_smiles/fullset0_smiles_nrpsA.hmmdb.h3p'
DEBUG   02/11 06:47:56   Found executable '/usr/bin/hmmpfam2'
DEBUG   02/11 06:47:56   Found executable '/usr/bin/hmmpfam2'
INFO    02/11 06:47:56   Parsing the input sequence(s)
INFO    02/11 06:47:57   Analyzing record 1 (NC_006085.1)
INFO    02/11 06:47:57   Detecting secondary metabolite signature genes for contig #1
DEBUG   02/11 06:48:01   type: cluster
location: [875965:886247]
qualifiers:
    Key: contig_edge, Value: False
    Key: cutoff, Value: [20000]
    Key: extension, Value: [5000]
    Key: note, Value: ['Cluster number: 1', 'Detection rule(s) for this cluster type: bacteriocin: (strepbact or Antimicrobial14 or Bacteriocin_IId or BacteriocIIc_cy or Bacteriocin_II or Bacteriocin_IIi or Lactococcin or Antimicrobial17 or Lactococcin_972 or Bacteriocin_IIc or LcnG-beta or Cloacin or Linocin_M18 or TIGR03603 or TIGR03604 or TIGR03605 or TIGR03651 or TIGR03678 or TIGR03693 or TIGR03798 or TIGR03882 or TIGR03601 or TIGR03602 or TIGR03795 or TIGR03793 or TIGR03975 or DUF692 or TIGR01193);']
    Key: product, Value: ['bacteriocin']

DEBUG   02/11 06:48:01   type: cluster
location: [926197:952142]
qualifiers:
    Key: contig_edge, Value: False
    Key: cutoff, Value: [20000]
    Key: extension, Value: [10000]
    Key: note, Value: ['Cluster number: 2', 'Detection rule(s) for this cluster type: thiopeptide: (cluster(Lant_dehydr_C,YcaO) or cluster(Lant_dehydr_N,YcaO) or thiostrepton or cluster(YcaO,PF06968,thio_amide) or cluster(YcaO,PF04055,thio_amide) or cluster(YcaO,PF07366,thio_amide) or cluster(YcaO,PF07366) or cluster(YcaO,PF06968) or cluster(YcaO,PF04055));']
    Key: product, Value: ['thiopeptide']

DEBUG   02/11 06:48:01   type: cluster
location: [1375839:1420898]
qualifiers:
    Key: contig_edge, Value: False
    Key: cutoff, Value: [20000]
    Key: extension, Value: [20000]
    Key: note, Value: ['Cluster number: 3', 'Detection rule(s) for this cluster type: nrps: ((Condensation & AMP-binding) or (Condensation & A-OX) or cluster(Condensation,AMP-binding));']
    Key: product, Value: ['nrps']

INFO    02/11 06:48:01   Running cluster-specific analyses
DEBUG   02/11 06:48:01   Running analyses specific to Lantipeptides clusters
INFO    02/11 06:48:01   Calculating detailed predictions for Lanthipeptide clusters
DEBUG   02/11 06:48:01   Running analyses specific to Lassopeptides clusters
INFO    02/11 06:48:01   Calculating detailed predictions for lasso peptide clusters
DEBUG   02/11 06:48:01   Running analyses specific to Nrpspks clusters
INFO    02/11 06:48:02   Predicting NRPS A domain substrate specificities with SANDPUMA
DEBUG   02/11 06:48:02   Running 2 parallel sections, each with a max of 1 A domains
DEBUG   02/11 06:52:20   Running analyses specific to Thiopeptides clusters
INFO    02/11 06:52:20   Calculating detailed predictions for thiopeptide clusters
DEBUG   02/11 06:52:30   Running analyses specific to Terpenes clusters
INFO    02/11 06:52:30   Calulating detailed predictions for Terpene clusters.
DEBUG   02/11 06:52:30   Running analyses specific to Sactipeptides clusters
INFO    02/11 06:52:30   Calculating detailed predictions for sactipeptide clusters
INFO    02/11 06:52:30   Running analyses independent of specific cluster types
INFO    02/11 06:52:30   Detecting TTA codons
INFO    02/11 06:52:30   Detecting smCOGs for contig #1
INFO    02/11 06:52:30   Running smCOG analysis
DEBUG   02/11 06:52:33   Calculating and drawing phylogenetic trees of cluster genes with smCOG members
DEBUG   02/11 06:52:46   Invalid newick tree for 'PPA_RS12640'
DEBUG   02/11 06:52:47   Invalid newick tree for 'PPA_RS06510'
INFO    02/11 06:53:07   SubclusterBlast analysis for contig #1
INFO    02/11 06:53:07   Running subcluster search
DEBUG   02/11 06:53:07   SubClusterBlast: Loading gene clusters database into memory...
DEBUG   02/11 06:53:07   SubClusterBlast: Loading gene cluster database proteins into memory...
DEBUG   02/11 06:53:07   Finding internal homologs in each gene cluster..
DEBUG   02/11 06:53:08   Running NCBI BLAST+ subcluster searches..
DEBUG   02/11 06:53:08      Gene cluster 1
DEBUG   02/11 06:53:08      Blast search finished. Parsing results...
DEBUG   02/11 06:53:08      Gene cluster 2
DEBUG   02/11 06:53:08      Blast search finished. Parsing results...
DEBUG   02/11 06:53:09      Gene cluster 3
DEBUG   02/11 06:53:09      Blast search finished. Parsing results...
DEBUG   02/11 06:53:09   seq_record.sc_qgeneclusterdata does not exist.
DEBUG   02/11 06:53:09   Storing data for SubClusterBlastData in storage object
INFO    02/11 06:53:09   KnownclusterBlast analysis for contig #1
INFO    02/11 06:53:09   Running known cluster search
DEBUG   02/11 06:53:09   KnownClusterBlast: Loading gene clusters database into memory...
DEBUG   02/11 06:53:09   KnownClusterBlast: Loading gene cluster database proteins into memory...
DEBUG   02/11 06:53:09   Finding internal homologs in each gene cluster..
DEBUG   02/11 06:53:10   Running DIAMOND knowncluster searches..
DEBUG   02/11 06:53:12   seq_record.kc_qgeneclusterdata does not exist.
DEBUG   02/11 06:53:12   Storing data for KnownClusterBlastData in storage object
DEBUG   02/11 06:53:12   **********************************************
resource name PKSI_KR_Stereo
*********************************
WARNING 02/11 06:53:12   ASP: No features found containing feature/tag/value aSDomain / domain / PKS_KR
DEBUG   02/11 06:53:12   found 0 hsps in hmmer results
DEBUG   02/11 06:53:12   **********************************************
resource name ASP_KS
*********************************
WARNING 02/11 06:53:12   ASP: No features found containing feature/tag/value aSDomain / domain / PKS_KS
DEBUG   02/11 06:53:12   found 0 hsps in hmmer results
DEBUG   02/11 06:53:12   **********************************************
resource name ASP_KS_C
*********************************
WARNING 02/11 06:53:12   ASP: No features found containing feature/tag/value aSDomain / domain / PKS_KS
DEBUG   02/11 06:53:12   found 0 hsps in hmmer results
DEBUG   02/11 06:53:12   **********************************************
resource name ASP_AT
*********************************
WARNING 02/11 06:53:12   ASP: No features found containing feature/tag/value aSDomain / domain / PKS_AT
DEBUG   02/11 06:53:12   found 0 hsps in hmmer results
DEBUG   02/11 06:53:12   **********************************************
resource name ACP-type
*********************************
WARNING 02/11 06:53:12   ASP: No features found containing feature/tag/value aSDomain / domain / ACP
DEBUG   02/11 06:53:12   found 0 hsps in hmmer results
DEBUG   02/11 06:53:12   **********************************************
resource name ASP_ACP
*********************************
WARNING 02/11 06:53:12   ASP: No features found containing feature/tag/value aSDomain / domain / ACP
DEBUG   02/11 06:53:12   found 0 hsps in hmmer results
DEBUG   02/11 06:53:12   **********************************************
resource name ASP_PKSI-DH
*********************************
WARNING 02/11 06:53:12   ASP: No features found containing feature/tag/value aSDomain / domain / PKS_DH
DEBUG   02/11 06:53:12   found 0 hsps in hmmer results
DEBUG   02/11 06:53:12   **********************************************
resource name ASP_PKSI-KR
*********************************
WARNING 02/11 06:53:12   ASP: No features found containing feature/tag/value aSDomain / domain / PKS_KR
DEBUG   02/11 06:53:12   found 0 hsps in hmmer results
DEBUG   02/11 06:53:12   **********************************************
resource name ASP_Thioesterase
*********************************
DEBUG   02/11 06:53:12   Found file '/antismash-4.2.0/antismash/generic_modules/active_site_finder/hmm/Thioesterase.hmm2'
DEBUG   02/11 06:53:12   ASF: ASP_Thioesterase; external program call:
hmmpfam2 -T 0 -E 0.1 --cpu 1 /antismash-4.2.0/antismash/generic_modules/active_site_finder/hmm/Thioesterase.hmm2 -
DEBUG   02/11 06:53:12   Executing tools with STDIN input
DEBUG   02/11 06:53:12   External program output: <cStringIO.StringI object at 0x7fdca0677828>
DEBUG   02/11 06:53:12   found 1 hsps in hmmer results
DEBUG   02/11 06:53:12   found hit with feature0
DEBUG   02/11 06:53:12   **********************************************
resource name PKSI_ER_Stereo
*********************************
WARNING 02/11 06:53:12   ASP: No features found containing feature/tag/value aSDomain / domain / PKS_ER
DEBUG   02/11 06:53:12   found 0 hsps in hmmer results
DEBUG   02/11 06:53:12   **********************************************
resource name PKSI_AT_Spec
*********************************
WARNING 02/11 06:53:12   ASP: No features found containing feature/tag/value aSDomain / domain / PKS_AT
DEBUG   02/11 06:53:12   found 0 hsps in hmmer results
DEBUG   02/11 06:53:12   **********************************************
resource name StachelhausExtract
*********************************
DEBUG   02/11 06:53:12   Found file '/antismash-4.2.0/antismash/generic_modules/active_site_finder/hmm/aa-activating.aroundLys.hmm2'
DEBUG   02/11 06:53:12   ASF: StachelhausExtract; external program call:
hmmpfam2 -T 0 -E 0.1 --cpu 1 /antismash-4.2.0/antismash/generic_modules/active_site_finder/hmm/aa-activating.aroundLys.hmm2 -
DEBUG   02/11 06:53:12   Executing tools with STDIN input
DEBUG   02/11 06:53:12   External program output: <cStringIO.StringI object at 0x7fdca0677be0>
DEBUG   02/11 06:53:12   found 2 hsps in hmmer results
DEBUG   02/11 06:53:12   found hit with feature0
DEBUG   02/11 06:53:12   KAVQVGMDAVRNRITWM---WNAYP----Y-ESSDLVVVQKP-LSFVASFWEVLGTLLAGVTGVLITNI---ERSRPDVMFDRLASSGATHLFTTPPALASLCDIATEQ-----GSTLPQLRLACSSADQLMASVVRQFFEIAPR-A--RVVNLYGATETSANTTS 12..158
DEBUG   02/11 06:53:12   KGVmveHrnvvnlvkwlneryflfgeeddllgesdrvLqfssAysFDaSvweifgaLLnGgtLVivpkefsetrlDpeaLaalieregiTvlnltPsllnllldaaeeatpdfapedlssLrrvlvGGEaLspslarrlrerfpdragvrliNaYGPTEtTVcaTi 0..166
DEBUG   02/11 06:53:12                                                 **  *                                         *                               * *                          *       **   
DEBUG   02/11 06:53:12   Scaffold coordinate 46; fixed scaffold coordinate 46, query aa V; hmm aa D; scaffold value D; emission probability n.d.; match False
DEBUG   02/11 06:53:12   Scaffold coordinate 47; fixed scaffold coordinate 47, query aa A; hmm aa a; scaffold value A; emission probability n.d.; match True
DEBUG   02/11 06:53:12   Scaffold coordinate 50; fixed scaffold coordinate 50, query aa W; hmm aa w; scaffold value W; emission probability n.d.; match True
WARNING 02/11 06:53:12   ASF: aa extracted from hmm profile does not match predifined aa in XML config file!
DEBUG   02/11 06:53:12   Scaffold coordinate 92; fixed scaffold coordinate 92, query aa F; hmm aa n; scaffold value T; emission probability n.d.; match False
WARNING 02/11 06:53:12   ASF: aa extracted from hmm profile does not match predifined aa in XML config file!
DEBUG   02/11 06:53:12   Scaffold coordinate 124; fixed scaffold coordinate 124, query aa C; hmm aa l; scaffold value I; emission probability n.d.; match False
WARNING 02/11 06:53:12   ASF: aa extracted from hmm profile does not match predifined aa in XML config file!
DEBUG   02/11 06:53:12   Scaffold coordinate 126; fixed scaffold coordinate 126, query aa S; hmm aa G; scaffold value A; emission probability n.d.; match False
DEBUG   02/11 06:53:12   Scaffold coordinate 153; fixed scaffold coordinate 153, query aa L; hmm aa a; scaffold value A; emission probability n.d.; match False
WARNING 02/11 06:53:12   ASF: aa extracted from hmm profile does not match predifined aa in XML config file!
DEBUG   02/11 06:53:12   Scaffold coordinate 161; fixed scaffold coordinate 161, query aa A; hmm aa V; scaffold value I; emission probability n.d.; match False
DEBUG   02/11 06:53:12   Scaffold coordinate 162; fixed scaffold coordinate 162, query aa N; hmm aa c; scaffold value C; emission probability n.d.; match False
DEBUG   02/11 06:53:12   Overall Scaffold Match: FALSE

DEBUG   02/11 06:53:12   Scaffold coordinates: (47,48,51,93,125,127,154,162,163); scaffold residues: (V,A,W,F,C,S,L,A,N); expected: (D,A,W,T,I,A,A,I,C); matchArray: (False,True,True,False,False,False,False,False,False); emission probability array (n.d.,n.d.,n.d.,n.d.,n.d.,n.d.,n.d.,n.d.,n.d.); overall match: FALSE
DEBUG   02/11 06:53:12   found hit with feature1
DEBUG   02/11 06:53:12   KGALIAHMGMMNHLHSKAH---LLH----L-GADSVVAQTAP-TTFDVSIWQFCSALLVGGAVRIVPNG---ISQDPHELFSLLKEKHITHIELVPTVFRELIHEI------GPSVSFSGLEYVLVTGEELPLRLAKDWAEKFPS-V--PLINAYGPTECSDDVTH 117..262
DEBUG   02/11 06:53:12   KGVmveHrnvvnlvkwlneryflfgeeddllgesdrvLqfssAysFDaSvweifgaLLnGgtLVivpkefsetrlDpeaLaalieregiTvlnltPsllnllldaaeeatpdfapedlssLrrvlvGGEaLspslarrlrerfpdragvrliNaYGPTEtTVcaTi 0..166
DEBUG   02/11 06:53:12                                                 **  *                                         *                               * *                          *       **   
DEBUG   02/11 06:53:12   Scaffold coordinate 46; fixed scaffold coordinate 46, query aa D; hmm aa D; scaffold value D; emission probability n.d.; match True
DEBUG   02/11 06:53:12   Scaffold coordinate 47; fixed scaffold coordinate 47, query aa V; hmm aa a; scaffold value A; emission probability n.d.; match False
DEBUG   02/11 06:53:12   Scaffold coordinate 50; fixed scaffold coordinate 50, query aa W; hmm aa w; scaffold value W; emission probability n.d.; match True
WARNING 02/11 06:53:12   ASF: aa extracted from hmm profile does not match predifined aa in XML config file!
DEBUG   02/11 06:53:12   Scaffold coordinate 92; fixed scaffold coordinate 92, query aa E; hmm aa n; scaffold value T; emission probability n.d.; match False
WARNING 02/11 06:53:12   ASF: aa extracted from hmm profile does not match predifined aa in XML config file!
DEBUG   02/11 06:53:12   Scaffold coordinate 124; fixed scaffold coordinate 124, query aa L; hmm aa l; scaffold value I; emission probability n.d.; match False
WARNING 02/11 06:53:12   ASF: aa extracted from hmm profile does not match predifined aa in XML config file!
DEBUG   02/11 06:53:12   Scaffold coordinate 126; fixed scaffold coordinate 126, query aa T; hmm aa G; scaffold value A; emission probability n.d.; match False
DEBUG   02/11 06:53:12   Scaffold coordinate 153; fixed scaffold coordinate 153, query aa A; hmm aa a; scaffold value A; emission probability n.d.; match True
WARNING 02/11 06:53:12   ASF: aa extracted from hmm profile does not match predifined aa in XML config file!
DEBUG   02/11 06:53:12   Scaffold coordinate 161; fixed scaffold coordinate 161, query aa D; hmm aa V; scaffold value I; emission probability n.d.; match False
DEBUG   02/11 06:53:12   Scaffold coordinate 162; fixed scaffold coordinate 162, query aa D; hmm aa c; scaffold value C; emission probability n.d.; match False
DEBUG   02/11 06:53:12   Overall Scaffold Match: FALSE

DEBUG   02/11 06:53:12   Scaffold coordinates: (47,48,51,93,125,127,154,162,163); scaffold residues: (D,V,W,E,L,T,A,D,D); expected: (D,A,W,T,I,A,A,I,C); matchArray: (True,False,True,False,False,False,True,False,False); emission probability array (n.d.,n.d.,n.d.,n.d.,n.d.,n.d.,n.d.,n.d.,n.d.); overall match: FALSE
DEBUG   02/11 06:53:12   **********************************************
resource name ASP_P450Oxy
*********************************
WARNING 02/11 06:53:12   ASP: No features found containing feature/tag/value PFAM_domain / domain / p450
DEBUG   02/11 06:53:12   found 0 hsps in hmmer results
DEBUG   02/11 06:53:12   Active site finder execution successful
INFO    02/11 06:53:12   Writing the output files
DEBUG   02/11 06:53:12   Writing output for 1 sequence records
DEBUG   02/11 06:53:12   Writing seq_records to '/data/antismash/upload/bacteria-d60d4f59-db34-4322-86aa-8a7761637ded/NC_006085.1.final.embl'
DEBUG   02/11 06:53:13   Writing seq_records to '/data/antismash/upload/bacteria-d60d4f59-db34-4322-86aa-8a7761637ded/NC_006085.1.final.gbk'
DEBUG   02/11 06:53:13   Writing seq_records SVGs to '/data/antismash/upload/bacteria-d60d4f59-db34-4322-86aa-8a7761637ded/svg'
DEBUG   02/11 06:53:13   prepare_visualization: Found KnownClusterBlastData storage object
DEBUG   02/11 06:53:13   prepare_visualization: Found SubClusterBlastData storage object
DEBUG   02/11 06:53:13   Writing visualization SVGs
DEBUG   02/11 06:53:13   Generating SVG for SubClusterBlast
DEBUG   02/11 06:53:13   Generating SVG for KnownClusterBlast
DEBUG   02/11 06:53:13   Writing seq_records to '/data/antismash/upload/bacteria-d60d4f59-db34-4322-86aa-8a7761637ded'
DEBUG   02/11 06:53:14   Cluster 3: smiles_string: N[C@@H](C)C(=O)N[C@@H](C)C(=O)
DEBUG   02/11 06:53:14   ['git', 'rev-parse', '--short', 'HEAD'] None returned OSError(2, 'No such file or directory')
WARNING 02/11 06:53:14   Error parsing best knowncluster hit; knownclusters array = []. Possibly no significant hits to known biosynthetic gene clusters.
WARNING 02/11 06:53:14   Error parsing best knowncluster hit; knownclusters array = []. Possibly no significant hits to known biosynthetic gene clusters.
WARNING 02/11 06:53:14   Error parsing best knowncluster hit; knownclusters array = []. Possibly no significant hits to known biosynthetic gene clusters.
DEBUG   02/11 06:53:14   failed to find '/data/antismash/upload/bacteria-d60d4f59-db34-4322-86aa-8a7761637ded/svg/subclusterblast1_1.svg'
DEBUG   02/11 06:53:14   failed to find '/data/antismash/upload/bacteria-d60d4f59-db34-4322-86aa-8a7761637ded/svg/subclusterblast1_2.svg'
DEBUG   02/11 06:53:14   failed to find '/data/antismash/upload/bacteria-d60d4f59-db34-4322-86aa-8a7761637ded/svg/subclusterblast1_3.svg'
DEBUG   02/11 06:53:14   failed to find '/data/antismash/upload/bacteria-d60d4f59-db34-4322-86aa-8a7761637ded/svg/subclusterblast1_4.svg'
DEBUG   02/11 06:53:14   failed to find '/data/antismash/upload/bacteria-d60d4f59-db34-4322-86aa-8a7761637ded/svg/subclusterblast1_5.svg'
DEBUG   02/11 06:53:14   failed to find '/data/antismash/upload/bacteria-d60d4f59-db34-4322-86aa-8a7761637ded/svg/subclusterblast1_6.svg'
DEBUG   02/11 06:53:14   failed to find '/data/antismash/upload/bacteria-d60d4f59-db34-4322-86aa-8a7761637ded/svg/subclusterblast1_7.svg'
DEBUG   02/11 06:53:14   failed to find '/data/antismash/upload/bacteria-d60d4f59-db34-4322-86aa-8a7761637ded/svg/subclusterblast1_8.svg'
DEBUG   02/11 06:53:14   failed to find '/data/antismash/upload/bacteria-d60d4f59-db34-4322-86aa-8a7761637ded/svg/subclusterblast1_9.svg'
DEBUG   02/11 06:53:14   failed to find '/data/antismash/upload/bacteria-d60d4f59-db34-4322-86aa-8a7761637ded/svg/subclusterblast1_10.svg'
DEBUG   02/11 06:53:14   failed to find '/data/antismash/upload/bacteria-d60d4f59-db34-4322-86aa-8a7761637ded/svg/knownclusterblast1_1.svg'
DEBUG   02/11 06:53:14   failed to find '/data/antismash/upload/bacteria-d60d4f59-db34-4322-86aa-8a7761637ded/svg/knownclusterblast1_2.svg'
DEBUG   02/11 06:53:14   failed to find '/data/antismash/upload/bacteria-d60d4f59-db34-4322-86aa-8a7761637ded/svg/knownclusterblast1_3.svg'
DEBUG   02/11 06:53:14   failed to find '/data/antismash/upload/bacteria-d60d4f59-db34-4322-86aa-8a7761637ded/svg/knownclusterblast1_4.svg'
DEBUG   02/11 06:53:14   failed to find '/data/antismash/upload/bacteria-d60d4f59-db34-4322-86aa-8a7761637ded/svg/knownclusterblast1_5.svg'
DEBUG   02/11 06:53:14   failed to find '/data/antismash/upload/bacteria-d60d4f59-db34-4322-86aa-8a7761637ded/svg/knownclusterblast1_6.svg'
DEBUG   02/11 06:53:14   failed to find '/data/antismash/upload/bacteria-d60d4f59-db34-4322-86aa-8a7761637ded/svg/knownclusterblast1_7.svg'
DEBUG   02/11 06:53:14   failed to find '/data/antismash/upload/bacteria-d60d4f59-db34-4322-86aa-8a7761637ded/svg/knownclusterblast1_8.svg'
DEBUG   02/11 06:53:14   failed to find '/data/antismash/upload/bacteria-d60d4f59-db34-4322-86aa-8a7761637ded/svg/knownclusterblast1_9.svg'
DEBUG   02/11 06:53:14   failed to find '/data/antismash/upload/bacteria-d60d4f59-db34-4322-86aa-8a7761637ded/svg/knownclusterblast1_10.svg'
DEBUG   02/11 06:53:14   failed to find '/data/antismash/upload/bacteria-d60d4f59-db34-4322-86aa-8a7761637ded/svg/subclusterblast2_1.svg'
DEBUG   02/11 06:53:14   failed to find '/data/antismash/upload/bacteria-d60d4f59-db34-4322-86aa-8a7761637ded/svg/subclusterblast2_2.svg'
DEBUG   02/11 06:53:14   failed to find '/data/antismash/upload/bacteria-d60d4f59-db34-4322-86aa-8a7761637ded/svg/subclusterblast2_3.svg'
DEBUG   02/11 06:53:14   failed to find '/data/antismash/upload/bacteria-d60d4f59-db34-4322-86aa-8a7761637ded/svg/subclusterblast2_4.svg'
DEBUG   02/11 06:53:14   failed to find '/data/antismash/upload/bacteria-d60d4f59-db34-4322-86aa-8a7761637ded/svg/subclusterblast2_5.svg'
DEBUG   02/11 06:53:14   failed to find '/data/antismash/upload/bacteria-d60d4f59-db34-4322-86aa-8a7761637ded/svg/subclusterblast2_6.svg'
DEBUG   02/11 06:53:14   failed to find '/data/antismash/upload/bacteria-d60d4f59-db34-4322-86aa-8a7761637ded/svg/subclusterblast2_7.svg'
DEBUG   02/11 06:53:14   failed to find '/data/antismash/upload/bacteria-d60d4f59-db34-4322-86aa-8a7761637ded/svg/subclusterblast2_8.svg'
DEBUG   02/11 06:53:14   failed to find '/data/antismash/upload/bacteria-d60d4f59-db34-4322-86aa-8a7761637ded/svg/subclusterblast2_9.svg'
DEBUG   02/11 06:53:14   failed to find '/data/antismash/upload/bacteria-d60d4f59-db34-4322-86aa-8a7761637ded/svg/subclusterblast2_10.svg'
DEBUG   02/11 06:53:14   failed to find '/data/antismash/upload/bacteria-d60d4f59-db34-4322-86aa-8a7761637ded/svg/knownclusterblast2_1.svg'
DEBUG   02/11 06:53:14   failed to find '/data/antismash/upload/bacteria-d60d4f59-db34-4322-86aa-8a7761637ded/svg/knownclusterblast2_2.svg'
DEBUG   02/11 06:53:14   failed to find '/data/antismash/upload/bacteria-d60d4f59-db34-4322-86aa-8a7761637ded/svg/knownclusterblast2_3.svg'
DEBUG   02/11 06:53:14   failed to find '/data/antismash/upload/bacteria-d60d4f59-db34-4322-86aa-8a7761637ded/svg/knownclusterblast2_4.svg'
DEBUG   02/11 06:53:14   failed to find '/data/antismash/upload/bacteria-d60d4f59-db34-4322-86aa-8a7761637ded/svg/knownclusterblast2_5.svg'
DEBUG   02/11 06:53:14   failed to find '/data/antismash/upload/bacteria-d60d4f59-db34-4322-86aa-8a7761637ded/svg/knownclusterblast2_6.svg'
DEBUG   02/11 06:53:14   failed to find '/data/antismash/upload/bacteria-d60d4f59-db34-4322-86aa-8a7761637ded/svg/knownclusterblast2_7.svg'
DEBUG   02/11 06:53:14   failed to find '/data/antismash/upload/bacteria-d60d4f59-db34-4322-86aa-8a7761637ded/svg/knownclusterblast2_8.svg'
DEBUG   02/11 06:53:14   failed to find '/data/antismash/upload/bacteria-d60d4f59-db34-4322-86aa-8a7761637ded/svg/knownclusterblast2_9.svg'
DEBUG   02/11 06:53:14   failed to find '/data/antismash/upload/bacteria-d60d4f59-db34-4322-86aa-8a7761637ded/svg/knownclusterblast2_10.svg'
DEBUG   02/11 06:53:14   NORINE URL from array: http://bioinfo.lifl.fr/norine/fingerPrintSearch.jsp?nrps1=[N/A-N/A|ser|ala]
DEBUG   02/11 06:53:14   NORINE URL from array: http://bioinfo.lifl.fr/norine/fingerPrintSearch.jsp?nrps1=[N/A-N/A*|ser*|ala*]
DEBUG   02/11 06:53:14   NORINE URL from array: http://bioinfo.lifl.fr/norine/fingerPrintSearch.jsp?nrps1=[N/A-N/A|dab|ala]
DEBUG   02/11 06:53:14   NORINE URL from array: http://bioinfo.lifl.fr/norine/fingerPrintSearch.jsp?nrps1=[N/A-N/A*|dab*|ala*]
DEBUG   02/11 06:53:14   NORINE URL from array: http://bioinfo.lifl.fr/norine/fingerPrintSearch.jsp?nrps1=ala&nrps2=ala
DEBUG   02/11 06:53:14   NORINE URL string: http://bioinfo.lifl.fr/norine/fingerPrintSearch.jsp?nrps1=ala&nrps2=ala
DEBUG   02/11 06:53:14   NORINE URL from array: http://bioinfo.lifl.fr/norine/fingerPrintSearch.jsp?nrps1=ala*&nrps2=ala*
DEBUG   02/11 06:53:14   failed to find '/data/antismash/upload/bacteria-d60d4f59-db34-4322-86aa-8a7761637ded/svg/subclusterblast3_1.svg'
DEBUG   02/11 06:53:14   failed to find '/data/antismash/upload/bacteria-d60d4f59-db34-4322-86aa-8a7761637ded/svg/subclusterblast3_2.svg'
DEBUG   02/11 06:53:14   failed to find '/data/antismash/upload/bacteria-d60d4f59-db34-4322-86aa-8a7761637ded/svg/subclusterblast3_3.svg'
DEBUG   02/11 06:53:14   failed to find '/data/antismash/upload/bacteria-d60d4f59-db34-4322-86aa-8a7761637ded/svg/subclusterblast3_4.svg'
DEBUG   02/11 06:53:14   failed to find '/data/antismash/upload/bacteria-d60d4f59-db34-4322-86aa-8a7761637ded/svg/subclusterblast3_5.svg'
DEBUG   02/11 06:53:14   failed to find '/data/antismash/upload/bacteria-d60d4f59-db34-4322-86aa-8a7761637ded/svg/subclusterblast3_6.svg'
DEBUG   02/11 06:53:14   failed to find '/data/antismash/upload/bacteria-d60d4f59-db34-4322-86aa-8a7761637ded/svg/subclusterblast3_7.svg'
DEBUG   02/11 06:53:14   failed to find '/data/antismash/upload/bacteria-d60d4f59-db34-4322-86aa-8a7761637ded/svg/subclusterblast3_8.svg'
DEBUG   02/11 06:53:14   failed to find '/data/antismash/upload/bacteria-d60d4f59-db34-4322-86aa-8a7761637ded/svg/subclusterblast3_9.svg'
DEBUG   02/11 06:53:14   failed to find '/data/antismash/upload/bacteria-d60d4f59-db34-4322-86aa-8a7761637ded/svg/subclusterblast3_10.svg'
DEBUG   02/11 06:53:14   failed to find '/data/antismash/upload/bacteria-d60d4f59-db34-4322-86aa-8a7761637ded/svg/knownclusterblast3_1.svg'
DEBUG   02/11 06:53:14   failed to find '/data/antismash/upload/bacteria-d60d4f59-db34-4322-86aa-8a7761637ded/svg/knownclusterblast3_2.svg'
DEBUG   02/11 06:53:14   failed to find '/data/antismash/upload/bacteria-d60d4f59-db34-4322-86aa-8a7761637ded/svg/knownclusterblast3_3.svg'
DEBUG   02/11 06:53:14   failed to find '/data/antismash/upload/bacteria-d60d4f59-db34-4322-86aa-8a7761637ded/svg/knownclusterblast3_4.svg'
DEBUG   02/11 06:53:14   failed to find '/data/antismash/upload/bacteria-d60d4f59-db34-4322-86aa-8a7761637ded/svg/knownclusterblast3_5.svg'
DEBUG   02/11 06:53:14   failed to find '/data/antismash/upload/bacteria-d60d4f59-db34-4322-86aa-8a7761637ded/svg/knownclusterblast3_6.svg'
DEBUG   02/11 06:53:14   failed to find '/data/antismash/upload/bacteria-d60d4f59-db34-4322-86aa-8a7761637ded/svg/knownclusterblast3_7.svg'
DEBUG   02/11 06:53:14   failed to find '/data/antismash/upload/bacteria-d60d4f59-db34-4322-86aa-8a7761637ded/svg/knownclusterblast3_8.svg'
DEBUG   02/11 06:53:14   failed to find '/data/antismash/upload/bacteria-d60d4f59-db34-4322-86aa-8a7761637ded/svg/knownclusterblast3_9.svg'
DEBUG   02/11 06:53:14   failed to find '/data/antismash/upload/bacteria-d60d4f59-db34-4322-86aa-8a7761637ded/svg/knownclusterblast3_10.svg'
DEBUG   02/11 06:53:14   Exporting antiSMASH information as txt tables
