DEBUG   08/11 07:53:25   ['git', 'rev-parse', '--short', 'HEAD'] None returned OSError(2, 'No such file or directory')
DEBUG   08/11 07:53:25   starting antiSMASH 4.2.0, called with /usr/local/bin/run_antismash.py --cpus 8 --taxon bacteria --outputfolder /data/antismash/upload/bacteria-f98b495a-21a4-47fb-9a35-ba3e3d9d17a3 --logfile /data/antismash/upload/bacteria-f98b495a-21a4-47fb-9a35-ba3e3d9d17a3/bacteria-f98b495a-21a4-47fb-9a35-ba3e3d9d17a3.log --input-type nucl --debug --smcogs --asf --knownclusterblast --subclusterblast --genefinding prodigal /input/NZ_CP014107.1.gbk
DEBUG   08/11 07:53:25   antismash analysis started at 2018-11-08 07:53:25.002413
DEBUG   08/11 07:53:25   OPTIONS: Namespace(all_orfs=False, borderpredict=False, borderpredict_only=False, cassis=False, cdsnr=5, cf_npfams=5, cf_prob_thres=0.6, check_prereqs_only=False, clusterblast=False, cpus=8, dbgclusterblast='', dbgsandpuma='', debug=True, enabled_cluster_types=['t1pks', 'transatpks', 't2pks', 't3pks', 'otherks', 'ppysks', 'arylpolyene', 'resorcinol', 'ladderane', 'PUFA', 'nrps', 'terpene', 'lantipeptide', 'bacteriocin', 'thiopeptide', 'linaridin', 'cyanobactin', 'glycocin', 'LAP', 'lassopeptide', 'sactipeptide', 'bottromycin', 'head_to_tail', 'microcin', 'microviridin', 'proteusin', 'blactam', 'amglyccycl', 'aminocoumarin', 'siderophore', 'ectoine', 'butyrolactone', 'indole', 'nucleoside', 'phosphoglycolipid', 'melanin', 'oligosaccharide', 'furan', 'hserlactone', 'phenazine', 'phosphonate', 'fused', 'pbde', 'other', 'acyl_amino_acids'], enabled_specific_plugins=None, end=-1, fix_id_line=False, full_hmmer=False, genefinding='prodigal', gff3=False, help=False, help_showall=False, homologyscalelimit=0.0, inclusive=False, input_type='nucl', knownclusterblast=True, limit=-1, list_plugins=False, logfile='/data/antismash/upload/bacteria-f98b495a-21a4-47fb-9a35-ba3e3d9d17a3/bacteria-f98b495a-21a4-47fb-9a35-ba3e3d9d17a3.log', minimal=False, minlength=1000, nclusters=10, outputfoldername='/data/antismash/upload/bacteria-f98b495a-21a4-47fb-9a35-ba3e3d9d17a3', profile=False, run_asf=True, seed=0, sequences=['/input/NZ_CP014107.1.gbk'], skip_cleanup=False, smcogs=True, start=-1, subclusterblast=True, taxon='bacteria', transatpks_da=False, transatpks_da_cutoff=10, tta=False, verbose=False, version=False, without_fimo=False)
DEBUG   08/11 07:53:25   MINLENGTH: 1000
DEBUG   08/11 07:53:25   Number of clusters = 10
INFO    08/11 07:53:25   Loading detection plugins
DEBUG   08/11 07:53:25   BiosynML
DEBUG   08/11 07:53:25   Not activating disabled plugin 'BiosynML'
DEBUG   08/11 07:53:25   embl
DEBUG   08/11 07:53:25   genbank
DEBUG   08/11 07:53:25   svg
DEBUG   08/11 07:53:25   xls
DEBUG   08/11 07:53:25   html
DEBUG   08/11 07:53:25   txt
DEBUG   08/11 07:53:25   Found executable '/usr/lib/tigr-glimmer/long-orfs'
DEBUG   08/11 07:53:25   Found executable '/usr/lib/tigr-glimmer/extract'
DEBUG   08/11 07:53:25   Found executable '/usr/lib/tigr-glimmer/build-icm'
DEBUG   08/11 07:53:25   Found executable '/usr/lib/tigr-glimmer/glimmer3'
DEBUG   08/11 07:53:25   Found executable '/usr/bin/glimmerhmm'
DEBUG   08/11 07:53:25   Found executable '/usr/bin/prodigal'
DEBUG   08/11 07:53:25   Found executable '/usr/bin/hmmsearch'
DEBUG   08/11 07:53:25   Found executable '/usr/bin/hmmpress'
DEBUG   08/11 07:53:25   Found file '/antismash-4.2.0/antismash/generic_modules/hmm_detection/bgc_seeds.hmm'
DEBUG   08/11 07:53:25   Found file '/antismash-4.2.0/antismash/generic_modules/hmm_detection/bgc_seeds.hmm.h3f'
DEBUG   08/11 07:53:25   Found file '/antismash-4.2.0/antismash/generic_modules/hmm_detection/bgc_seeds.hmm.h3i'
DEBUG   08/11 07:53:25   Found file '/antismash-4.2.0/antismash/generic_modules/hmm_detection/bgc_seeds.hmm.h3m'
DEBUG   08/11 07:53:25   Found file '/antismash-4.2.0/antismash/generic_modules/hmm_detection/bgc_seeds.hmm.h3p'
DEBUG   08/11 07:53:25   Found executable '/usr/bin/blastp'
DEBUG   08/11 07:53:25   Found executable '/usr/bin/hmmpfam2'
DEBUG   08/11 07:53:25   Found executable '/usr/bin/hmmscan'
DEBUG   08/11 07:53:25   Found executable '/usr/bin/hmmpress'
DEBUG   08/11 07:53:25   Found file '/antismash-4.2.0/antismash/generic_modules/active_site_finder/hmm/PKSI-KR.hmm2'
DEBUG   08/11 07:53:25   Found file '/antismash-4.2.0/antismash/generic_modules/active_site_finder/hmm/PKSI-KS_N.hmm2'
DEBUG   08/11 07:53:25   Found file '/antismash-4.2.0/antismash/generic_modules/active_site_finder/hmm/PKSI-KS_C.hmm2'
DEBUG   08/11 07:53:25   Found file '/antismash-4.2.0/antismash/generic_modules/active_site_finder/hmm/PKSI-AT.hmm2'
DEBUG   08/11 07:53:25   Found file '/antismash-4.2.0/antismash/generic_modules/active_site_finder/hmm/PKSI-ACP.hmm2'
DEBUG   08/11 07:53:25   Found file '/antismash-4.2.0/antismash/generic_modules/active_site_finder/hmm/PKSI-ACP.hmm2'
DEBUG   08/11 07:53:25   Found file '/antismash-4.2.0/antismash/generic_modules/active_site_finder/hmm/PKSI-DH.hmm2'
DEBUG   08/11 07:53:25   Found file '/antismash-4.2.0/antismash/generic_modules/active_site_finder/hmm/PKSI-KR.hmm2'
DEBUG   08/11 07:53:25   Found file '/antismash-4.2.0/antismash/generic_modules/active_site_finder/hmm/Thioesterase.hmm2'
DEBUG   08/11 07:53:25   Found file '/antismash-4.2.0/antismash/generic_modules/active_site_finder/hmm/PKSI-ER.hmm2'
DEBUG   08/11 07:53:25   Found file '/antismash-4.2.0/antismash/generic_modules/active_site_finder/hmm/PKSI-AT.hmm2'
DEBUG   08/11 07:53:25   Found file '/antismash-4.2.0/antismash/generic_modules/active_site_finder/hmm/aa-activating.aroundLys.hmm2'
DEBUG   08/11 07:53:25   Found file '/antismash-4.2.0/antismash/generic_modules/active_site_finder/hmm/p450.hmm3'
DEBUG   08/11 07:53:25   Found file '/antismash-4.2.0/antismash/generic_modules/active_site_finder/hmm/p450.hmm3.h3f'
DEBUG   08/11 07:53:25   Found file '/antismash-4.2.0/antismash/generic_modules/active_site_finder/hmm/p450.hmm3.h3i'
DEBUG   08/11 07:53:25   Found file '/antismash-4.2.0/antismash/generic_modules/active_site_finder/hmm/p450.hmm3.h3m'
DEBUG   08/11 07:53:25   Found file '/antismash-4.2.0/antismash/generic_modules/active_site_finder/hmm/p450.hmm3.h3p'
DEBUG   08/11 07:53:25   Found executable '/usr/bin/muscle'
DEBUG   08/11 07:53:25   Found executable '/usr/bin/hmmscan'
DEBUG   08/11 07:53:25   Found executable '/usr/bin/hmmpress'
DEBUG   08/11 07:53:25   Found executable '/usr/bin/fasttree'
DEBUG   08/11 07:53:25   Found executable '/usr/bin/java'
DEBUG   08/11 07:53:25   Found file '/antismash-4.2.0/antismash/generic_modules/smcogs/smcogs.hmm'
DEBUG   08/11 07:53:25   Found file '/antismash-4.2.0/antismash/generic_modules/smcogs/smcogs.hmm.h3f'
DEBUG   08/11 07:53:25   Found file '/antismash-4.2.0/antismash/generic_modules/smcogs/smcogs.hmm.h3i'
DEBUG   08/11 07:53:25   Found file '/antismash-4.2.0/antismash/generic_modules/smcogs/smcogs.hmm.h3m'
DEBUG   08/11 07:53:25   Found file '/antismash-4.2.0/antismash/generic_modules/smcogs/smcogs.hmm.h3p'
DEBUG   08/11 07:53:25   Found executable '/usr/bin/blastp'
DEBUG   08/11 07:53:25   Found executable '/usr/bin/makeblastdb'
DEBUG   08/11 07:53:25   Found file '/antismash-4.2.0/antismash/generic_modules/subclusterblast/subclusterprots.fasta'
DEBUG   08/11 07:53:25   Found file '/antismash-4.2.0/antismash/generic_modules/subclusterblast/subclusterprots.fasta.phr'
DEBUG   08/11 07:53:25   Found file '/antismash-4.2.0/antismash/generic_modules/subclusterblast/subclusterprots.fasta.pin'
DEBUG   08/11 07:53:25   Found file '/antismash-4.2.0/antismash/generic_modules/subclusterblast/subclusterprots.fasta.psq'
DEBUG   08/11 07:53:25   Found file '/antismash-4.2.0/antismash/generic_modules/subclusterblast/subclusters.txt'
DEBUG   08/11 07:53:25   Found executable '/usr/bin/blastp'
DEBUG   08/11 07:53:25   Found executable '/usr/bin/makeblastdb'
DEBUG   08/11 07:53:25   Found executable '/usr/bin/diamond'
DEBUG   08/11 07:53:25   Found file '/antismash-4.2.0/antismash/generic_modules/knownclusterblast/knownclusterprots.fasta'
DEBUG   08/11 07:53:25   Found file '/antismash-4.2.0/antismash/generic_modules/knownclusterblast/knownclusterprots.dmnd'
DEBUG   08/11 07:53:25   Found file '/antismash-4.2.0/antismash/generic_modules/knownclusterblast/knownclusters.txt'
DEBUG   08/11 07:53:25   Found executable '/usr/bin/hmmpfam2'
DEBUG   08/11 07:53:25   Found executable '/usr/bin/fimo'
DEBUG   08/11 07:53:25   Found executable '/usr/bin/hmmpfam2'
DEBUG   08/11 07:53:25   Found executable '/usr/bin/fimo'
DEBUG   08/11 07:53:25   Found executable '/usr/bin/hmmsearch'
DEBUG   08/11 07:53:25   Found executable '/usr/bin/hmmpress'
DEBUG   08/11 07:53:25   Found executable '/usr/bin/muscle'
DEBUG   08/11 07:53:25   Found executable '/usr/bin/java'
DEBUG   08/11 07:53:25   Found file '/antismash-4.2.0/antismash/specific_modules/nrpspks/abmotifs.hmm'
DEBUG   08/11 07:53:25   Found file '/antismash-4.2.0/antismash/specific_modules/nrpspks/abmotifs.hmm.h3f'
DEBUG   08/11 07:53:25   Found file '/antismash-4.2.0/antismash/specific_modules/nrpspks/abmotifs.hmm.h3i'
DEBUG   08/11 07:53:25   Found file '/antismash-4.2.0/antismash/specific_modules/nrpspks/abmotifs.hmm.h3m'
DEBUG   08/11 07:53:25   Found file '/antismash-4.2.0/antismash/specific_modules/nrpspks/abmotifs.hmm.h3p'
DEBUG   08/11 07:53:25   Found file '/antismash-4.2.0/antismash/specific_modules/nrpspks/dockingdomains.hmm'
DEBUG   08/11 07:53:25   Found file '/antismash-4.2.0/antismash/specific_modules/nrpspks/dockingdomains.hmm.h3f'
DEBUG   08/11 07:53:25   Found file '/antismash-4.2.0/antismash/specific_modules/nrpspks/dockingdomains.hmm.h3i'
DEBUG   08/11 07:53:25   Found file '/antismash-4.2.0/antismash/specific_modules/nrpspks/dockingdomains.hmm.h3m'
DEBUG   08/11 07:53:25   Found file '/antismash-4.2.0/antismash/specific_modules/nrpspks/dockingdomains.hmm.h3p'
DEBUG   08/11 07:53:25   Found file '/antismash-4.2.0/antismash/specific_modules/nrpspks/ksdomains.hmm'
DEBUG   08/11 07:53:25   Found file '/antismash-4.2.0/antismash/specific_modules/nrpspks/ksdomains.hmm.h3f'
DEBUG   08/11 07:53:25   Found file '/antismash-4.2.0/antismash/specific_modules/nrpspks/ksdomains.hmm.h3i'
DEBUG   08/11 07:53:25   Found file '/antismash-4.2.0/antismash/specific_modules/nrpspks/ksdomains.hmm.h3m'
DEBUG   08/11 07:53:25   Found file '/antismash-4.2.0/antismash/specific_modules/nrpspks/ksdomains.hmm.h3p'
DEBUG   08/11 07:53:25   Found file '/antismash-4.2.0/antismash/specific_modules/nrpspks/nrpspksdomains.hmm'
DEBUG   08/11 07:53:25   Found file '/antismash-4.2.0/antismash/specific_modules/nrpspks/nrpspksdomains.hmm.h3f'
DEBUG   08/11 07:53:25   Found file '/antismash-4.2.0/antismash/specific_modules/nrpspks/nrpspksdomains.hmm.h3i'
DEBUG   08/11 07:53:25   Found file '/antismash-4.2.0/antismash/specific_modules/nrpspks/nrpspksdomains.hmm.h3m'
DEBUG   08/11 07:53:25   Found file '/antismash-4.2.0/antismash/specific_modules/nrpspks/nrpspksdomains.hmm.h3p'
DEBUG   08/11 07:53:25   Found file '/antismash-4.2.0/antismash/specific_modules/nrpspks/sandpuma/flat/fullset0_smiles/fullset0_smiles_nrpsA.hmmdb'
DEBUG   08/11 07:53:25   Found file '/antismash-4.2.0/antismash/specific_modules/nrpspks/sandpuma/flat/fullset0_smiles/fullset0_smiles_nrpsA.hmmdb.h3f'
DEBUG   08/11 07:53:25   Found file '/antismash-4.2.0/antismash/specific_modules/nrpspks/sandpuma/flat/fullset0_smiles/fullset0_smiles_nrpsA.hmmdb.h3i'
DEBUG   08/11 07:53:25   Found file '/antismash-4.2.0/antismash/specific_modules/nrpspks/sandpuma/flat/fullset0_smiles/fullset0_smiles_nrpsA.hmmdb.h3m'
DEBUG   08/11 07:53:25   Found file '/antismash-4.2.0/antismash/specific_modules/nrpspks/sandpuma/flat/fullset0_smiles/fullset0_smiles_nrpsA.hmmdb.h3p'
DEBUG   08/11 07:53:25   Found executable '/usr/bin/hmmpfam2'
DEBUG   08/11 07:53:25   Found executable '/usr/bin/hmmpfam2'
INFO    08/11 07:53:25   Parsing the input sequence(s)
INFO    08/11 07:53:25   Analyzing record 1 (NZ_CP014107.1)
INFO    08/11 07:53:25   Detecting secondary metabolite signature genes for contig #1
DEBUG   08/11 07:53:30   type: cluster
location: [1134917:1148832]
qualifiers:
    Key: contig_edge, Value: False
    Key: cutoff, Value: [20000]
    Key: extension, Value: [5000]
    Key: note, Value: ['Cluster number: 1', 'Detection rule(s) for this cluster type: siderophore: (IucA_IucC);']
    Key: product, Value: ['siderophore']

INFO    08/11 07:53:30   Running cluster-specific analyses
DEBUG   08/11 07:53:30   Running analyses specific to Lantipeptides clusters
INFO    08/11 07:53:30   Calculating detailed predictions for Lanthipeptide clusters
DEBUG   08/11 07:53:30   Running analyses specific to Lassopeptides clusters
INFO    08/11 07:53:30   Calculating detailed predictions for lasso peptide clusters
DEBUG   08/11 07:53:30   Running analyses specific to Nrpspks clusters
INFO    08/11 07:53:31   Predicting NRPS A domain substrate specificities with SANDPUMA
DEBUG   08/11 07:53:31   Running analyses specific to Thiopeptides clusters
INFO    08/11 07:53:31   Calculating detailed predictions for thiopeptide clusters
DEBUG   08/11 07:53:31   Running analyses specific to Terpenes clusters
INFO    08/11 07:53:31   Calulating detailed predictions for Terpene clusters.
DEBUG   08/11 07:53:31   Running analyses specific to Sactipeptides clusters
INFO    08/11 07:53:31   Calculating detailed predictions for sactipeptide clusters
INFO    08/11 07:53:31   Running analyses independent of specific cluster types
INFO    08/11 07:53:31   Detecting TTA codons
INFO    08/11 07:53:31   Detecting smCOGs for contig #1
INFO    08/11 07:53:31   Running smCOG analysis
DEBUG   08/11 07:53:32   Calculating and drawing phylogenetic trees of cluster genes with smCOG members
INFO    08/11 07:53:37   SubclusterBlast analysis for contig #1
INFO    08/11 07:53:37   Running subcluster search
DEBUG   08/11 07:53:37   SubClusterBlast: Loading gene clusters database into memory...
DEBUG   08/11 07:53:37   SubClusterBlast: Loading gene cluster database proteins into memory...
DEBUG   08/11 07:53:37   Finding internal homologs in each gene cluster..
DEBUG   08/11 07:53:37   Running NCBI BLAST+ subcluster searches..
DEBUG   08/11 07:53:37      Gene cluster 1
DEBUG   08/11 07:53:37      Blast search finished. Parsing results...
DEBUG   08/11 07:53:38   seq_record.sc_qgeneclusterdata does not exist.
DEBUG   08/11 07:53:38   Storing data for SubClusterBlastData in storage object
INFO    08/11 07:53:38   KnownclusterBlast analysis for contig #1
INFO    08/11 07:53:38   Running known cluster search
DEBUG   08/11 07:53:38   KnownClusterBlast: Loading gene clusters database into memory...
DEBUG   08/11 07:53:38   KnownClusterBlast: Loading gene cluster database proteins into memory...
DEBUG   08/11 07:53:38   Finding internal homologs in each gene cluster..
DEBUG   08/11 07:53:38   Running DIAMOND knowncluster searches..
DEBUG   08/11 07:53:40   seq_record.kc_qgeneclusterdata does not exist.
DEBUG   08/11 07:53:40   Storing data for KnownClusterBlastData in storage object
DEBUG   08/11 07:53:40   **********************************************
resource name PKSI_KR_Stereo
*********************************
WARNING 08/11 07:53:40   ASP: No features found containing feature/tag/value aSDomain / domain / PKS_KR
DEBUG   08/11 07:53:40   found 0 hsps in hmmer results
DEBUG   08/11 07:53:40   **********************************************
resource name ASP_KS
*********************************
WARNING 08/11 07:53:40   ASP: No features found containing feature/tag/value aSDomain / domain / PKS_KS
DEBUG   08/11 07:53:40   found 0 hsps in hmmer results
DEBUG   08/11 07:53:40   **********************************************
resource name ASP_KS_C
*********************************
WARNING 08/11 07:53:40   ASP: No features found containing feature/tag/value aSDomain / domain / PKS_KS
DEBUG   08/11 07:53:40   found 0 hsps in hmmer results
DEBUG   08/11 07:53:40   **********************************************
resource name ASP_AT
*********************************
WARNING 08/11 07:53:40   ASP: No features found containing feature/tag/value aSDomain / domain / PKS_AT
DEBUG   08/11 07:53:40   found 0 hsps in hmmer results
DEBUG   08/11 07:53:40   **********************************************
resource name ACP-type
*********************************
WARNING 08/11 07:53:40   ASP: No features found containing feature/tag/value aSDomain / domain / ACP
DEBUG   08/11 07:53:40   found 0 hsps in hmmer results
DEBUG   08/11 07:53:40   **********************************************
resource name ASP_ACP
*********************************
WARNING 08/11 07:53:40   ASP: No features found containing feature/tag/value aSDomain / domain / ACP
DEBUG   08/11 07:53:40   found 0 hsps in hmmer results
DEBUG   08/11 07:53:40   **********************************************
resource name ASP_PKSI-DH
*********************************
WARNING 08/11 07:53:40   ASP: No features found containing feature/tag/value aSDomain / domain / PKS_DH
DEBUG   08/11 07:53:40   found 0 hsps in hmmer results
DEBUG   08/11 07:53:40   **********************************************
resource name ASP_PKSI-KR
*********************************
WARNING 08/11 07:53:40   ASP: No features found containing feature/tag/value aSDomain / domain / PKS_KR
DEBUG   08/11 07:53:40   found 0 hsps in hmmer results
DEBUG   08/11 07:53:40   **********************************************
resource name ASP_Thioesterase
*********************************
WARNING 08/11 07:53:40   ASP: No features found containing feature/tag/value aSDomain / domain / Thioesterase
DEBUG   08/11 07:53:40   found 0 hsps in hmmer results
DEBUG   08/11 07:53:40   **********************************************
resource name PKSI_ER_Stereo
*********************************
DEBUG   08/11 07:53:40   Found file '/antismash-4.2.0/antismash/generic_modules/active_site_finder/hmm/PKSI-ER.hmm2'
DEBUG   08/11 07:53:40   ASF: PKSI_ER_Stereo; external program call:
hmmpfam2 -T 0 -E 0.1 --cpu 1 /antismash-4.2.0/antismash/generic_modules/active_site_finder/hmm/PKSI-ER.hmm2 -
DEBUG   08/11 07:53:40   Executing tools with STDIN input
DEBUG   08/11 07:53:40   External program output: <cStringIO.StringI object at 0x7f7a95a5be88>
DEBUG   08/11 07:53:40   found 2 hsps in hmmer results
DEBUG   08/11 07:53:40   found hit with feature0
DEBUG   08/11 07:53:40   found hit with feature1
DEBUG   08/11 07:53:40   **********************************************
resource name PKSI_AT_Spec
*********************************
WARNING 08/11 07:53:40   ASP: No features found containing feature/tag/value aSDomain / domain / PKS_AT
DEBUG   08/11 07:53:40   found 0 hsps in hmmer results
DEBUG   08/11 07:53:40   **********************************************
resource name StachelhausExtract
*********************************
WARNING 08/11 07:53:40   ASP: No features found containing feature/tag/value aSDomain / domain / AMP-binding
DEBUG   08/11 07:53:40   found 0 hsps in hmmer results
DEBUG   08/11 07:53:40   **********************************************
resource name ASP_P450Oxy
*********************************
WARNING 08/11 07:53:40   ASP: No features found containing feature/tag/value PFAM_domain / domain / p450
DEBUG   08/11 07:53:40   found 0 hsps in hmmer results
DEBUG   08/11 07:53:40   Active site finder execution successful
INFO    08/11 07:53:40   Writing the output files
DEBUG   08/11 07:53:40   Writing output for 1 sequence records
DEBUG   08/11 07:53:40   Writing seq_records to '/data/antismash/upload/bacteria-f98b495a-21a4-47fb-9a35-ba3e3d9d17a3/NZ_CP014107.1.final.embl'
DEBUG   08/11 07:53:41   Writing seq_records to '/data/antismash/upload/bacteria-f98b495a-21a4-47fb-9a35-ba3e3d9d17a3/NZ_CP014107.1.final.gbk'
DEBUG   08/11 07:53:41   Writing seq_records SVGs to '/data/antismash/upload/bacteria-f98b495a-21a4-47fb-9a35-ba3e3d9d17a3/svg'
DEBUG   08/11 07:53:41   prepare_visualization: Found KnownClusterBlastData storage object
DEBUG   08/11 07:53:41   prepare_visualization: Found SubClusterBlastData storage object
DEBUG   08/11 07:53:41   Writing visualization SVGs
DEBUG   08/11 07:53:41   Generating SVG for SubClusterBlast
DEBUG   08/11 07:53:41   Generating SVG for KnownClusterBlast
DEBUG   08/11 07:53:41   Writing seq_records to '/data/antismash/upload/bacteria-f98b495a-21a4-47fb-9a35-ba3e3d9d17a3'
DEBUG   08/11 07:53:41   ['git', 'rev-parse', '--short', 'HEAD'] None returned OSError(2, 'No such file or directory')
DEBUG   08/11 07:53:42   Found closest cluster "Staphyloferrin_biosynthetic_gene_cluster (75% of genes show similarity)" for cluster no. 1
DEBUG   08/11 07:53:42   failed to find '/data/antismash/upload/bacteria-f98b495a-21a4-47fb-9a35-ba3e3d9d17a3/svg/subclusterblast1_1.svg'
DEBUG   08/11 07:53:42   failed to find '/data/antismash/upload/bacteria-f98b495a-21a4-47fb-9a35-ba3e3d9d17a3/svg/subclusterblast1_2.svg'
DEBUG   08/11 07:53:42   failed to find '/data/antismash/upload/bacteria-f98b495a-21a4-47fb-9a35-ba3e3d9d17a3/svg/subclusterblast1_3.svg'
DEBUG   08/11 07:53:42   failed to find '/data/antismash/upload/bacteria-f98b495a-21a4-47fb-9a35-ba3e3d9d17a3/svg/subclusterblast1_4.svg'
DEBUG   08/11 07:53:42   failed to find '/data/antismash/upload/bacteria-f98b495a-21a4-47fb-9a35-ba3e3d9d17a3/svg/subclusterblast1_5.svg'
DEBUG   08/11 07:53:42   failed to find '/data/antismash/upload/bacteria-f98b495a-21a4-47fb-9a35-ba3e3d9d17a3/svg/subclusterblast1_6.svg'
DEBUG   08/11 07:53:42   failed to find '/data/antismash/upload/bacteria-f98b495a-21a4-47fb-9a35-ba3e3d9d17a3/svg/subclusterblast1_7.svg'
DEBUG   08/11 07:53:42   failed to find '/data/antismash/upload/bacteria-f98b495a-21a4-47fb-9a35-ba3e3d9d17a3/svg/subclusterblast1_8.svg'
DEBUG   08/11 07:53:42   failed to find '/data/antismash/upload/bacteria-f98b495a-21a4-47fb-9a35-ba3e3d9d17a3/svg/subclusterblast1_9.svg'
DEBUG   08/11 07:53:42   failed to find '/data/antismash/upload/bacteria-f98b495a-21a4-47fb-9a35-ba3e3d9d17a3/svg/subclusterblast1_10.svg'
DEBUG   08/11 07:53:42   failed to find '/data/antismash/upload/bacteria-f98b495a-21a4-47fb-9a35-ba3e3d9d17a3/svg/knownclusterblast1_2.svg'
DEBUG   08/11 07:53:42   failed to find '/data/antismash/upload/bacteria-f98b495a-21a4-47fb-9a35-ba3e3d9d17a3/svg/knownclusterblast1_3.svg'
DEBUG   08/11 07:53:42   failed to find '/data/antismash/upload/bacteria-f98b495a-21a4-47fb-9a35-ba3e3d9d17a3/svg/knownclusterblast1_4.svg'
DEBUG   08/11 07:53:42   failed to find '/data/antismash/upload/bacteria-f98b495a-21a4-47fb-9a35-ba3e3d9d17a3/svg/knownclusterblast1_5.svg'
DEBUG   08/11 07:53:42   failed to find '/data/antismash/upload/bacteria-f98b495a-21a4-47fb-9a35-ba3e3d9d17a3/svg/knownclusterblast1_6.svg'
DEBUG   08/11 07:53:42   failed to find '/data/antismash/upload/bacteria-f98b495a-21a4-47fb-9a35-ba3e3d9d17a3/svg/knownclusterblast1_7.svg'
DEBUG   08/11 07:53:42   failed to find '/data/antismash/upload/bacteria-f98b495a-21a4-47fb-9a35-ba3e3d9d17a3/svg/knownclusterblast1_8.svg'
DEBUG   08/11 07:53:42   failed to find '/data/antismash/upload/bacteria-f98b495a-21a4-47fb-9a35-ba3e3d9d17a3/svg/knownclusterblast1_9.svg'
DEBUG   08/11 07:53:42   failed to find '/data/antismash/upload/bacteria-f98b495a-21a4-47fb-9a35-ba3e3d9d17a3/svg/knownclusterblast1_10.svg'
DEBUG   08/11 07:53:42   Exporting antiSMASH information as txt tables
